Vercel CLI 50.9.6
? Set up and deploy ÔÇ£D:\Ary\la-parrilla-appÔÇØ? (Y/n)[53G[2K[G? Set up and deploy ÔÇ£D:\Ary\la-parrilla-appÔÇØ? (Y/n) c[54G[2K[G? Set up and deploy ÔÇ£D:\Ary\la-parrilla-appÔÇØ? (Y/n) cd[55G[2K[G? Set up and deploy ÔÇ£D:\Ary\la-parrilla-appÔÇØ? (Y/n) cd[56G[2K[G? Set up and deploy ÔÇ£D:\Ary\la-parrilla-appÔÇØ? (Y/n) cd d[57G[2K[G? Set up and deploy ÔÇ£D:\Ary\la-parrilla-appÔÇØ? (Y/n) cd d:[58G[2K[G? Set up and deploy ÔÇ£D:\Ary\la-parrilla-appÔÇØ? (Y/n) cd d:\[59G[2K[G? Set up and deploy ÔÇ£D:\Ary\la-parrilla-appÔÇØ? (Y/n) cd d:\A[60G[2K[G? Set up and deploy ÔÇ£D:\Ary\la-parrilla-appÔÇØ? (Y/n) cd d:\Ar[61G[2K[G? Set up and deploy ÔÇ£D:\Ary\la-parrilla-appÔÇØ? (Y/n) cd d:\Ary[62G[2K[G? Set up and deploy ÔÇ£D:\Ary\la-parrilla-appÔÇØ? (Y/n) cd d:\Ary\[63G[2K[G? Set up and deploy ÔÇ£D:\Ary\la-parrilla-appÔÇØ? (Y/n) cd d:\Ary\l[64G[2K[G? Set up and deploy ÔÇ£D:\Ary\la-parrilla-appÔÇØ? (Y/n) cd d:\Ary\la[65G[2K[G? Set up and deploy ÔÇ£D:\Ary\la-parrilla-appÔÇØ? (Y/n) cd d:\Ary\la-[66G[2K[G? Set up and deploy ÔÇ£D:\Ary\la-parrilla-appÔÇØ? (Y/n) cd d:\Ary\la-p[67G[2K[G? Set up and deploy ÔÇ£D:\Ary\la-parrilla-appÔÇØ? (Y/n) cd d:\Ary\la-pa[68G[2K[G? Set up and deploy ÔÇ£D:\Ary\la-parrilla-appÔÇØ? (Y/n) cd d:\Ary\la-par[69G[2K[G? Set up and deploy ÔÇ£D:\Ary\la-parrilla-appÔÇØ? (Y/n) cd d:\Ary\la-parr[70G[2K[G? Set up and deploy ÔÇ£D:\Ary\la-parrilla-appÔÇØ? (Y/n) cd d:\Ary\la-parri[71G[2K[G? Set up and deploy ÔÇ£D:\Ary\la-parrilla-appÔÇØ? (Y/n) cd d:\Ary\la-parril[72G[2K[G? Set up and deploy ÔÇ£D:\Ary\la-parrilla-appÔÇØ? (Y/n) cd d:\Ary\la-parrill[73G[2K[G? Set up and deploy ÔÇ£D:\Ary\la-parrilla-appÔÇØ? (Y/n) cd d:\Ary\la-parrilla[74G[2K[G? Set up and deploy ÔÇ£D:\Ary\la-parrilla-appÔÇØ? (Y/n) cd d:\Ary\la-parrilla-[75G[2K[G? Set up and deploy ÔÇ£D:\Ary\la-parrilla-appÔÇØ? (Y/n) cd d:\Ary\la-parrilla-a[76G[2K[G? Set up and deploy ÔÇ£D:\Ary\la-parrilla-appÔÇØ? (Y/n) cd d:\Ary\la-parrilla-ap[77G[2K[G? Set up and deploy ÔÇ£D:\Ary\la-parrilla-appÔÇØ? (Y/n) cd d:\Ary\la-parrilla-app[78G[2K[G? Set up and deploy ÔÇ£D:\Ary\la-parrilla-appÔÇØ? (Y/n) cd d:\Ary\la-parrilla-app;[79G[2K[G? Set up and deploy ÔÇ£D:\Ary\la-parrilla-appÔÇØ? (Y/n) cd d:\Ary\la-parrilla-app;[80G[2K[G? Set up and deploy ÔÇ£D:\Ary\la-parrilla-appÔÇØ? (Y/n) cd d:\Ary\la-parrilla-app; n
[1A[81G[1B[2K[1A[2K[G? Set up and deploy ÔÇ£D:\Ary\la-parrilla-appÔÇØ? (Y/n) cd d:\Ary\la-parrilla-app;
np[1A[82G[1B[2K[1A[2K[G? Set up and deploy ÔÇ£D:\Ary\la-parrilla-appÔÇØ? (Y/n) cd d:\Ary\la-parrilla-app;
npx[1A[83G[1B[2K[1A[2K[G? Set up and deploy ÔÇ£D:\Ary\la-parrilla-appÔÇØ? (Y/n) cd d:\Ary\la-parrilla-app;
npx[1A[84G[1B[2K[1A[2K[G? Set up and deploy ÔÇ£D:\Ary\la-parrilla-appÔÇØ? (Y/n) cd d:\Ary\la-parrilla-app;
npx v[1A[85G[1B[2K[1A[2K[G? Set up and deploy ÔÇ£D:\Ary\la-parrilla-appÔÇØ? (Y/n) cd d:\Ary\la-parrilla-app;
npx ve[1A[86G[1B[2K[1A[2K[G? Set up and deploy ÔÇ£D:\Ary\la-parrilla-appÔÇØ? (Y/n) cd d:\Ary\la-parrilla-app;
npx ver[1A[87G[1B[2K[1A[2K[G? Set up and deploy ÔÇ£D:\Ary\la-parrilla-appÔÇØ? (Y/n) cd d:\Ary\la-parrilla-app;
npx verc[1A[88G[1B[2K[1A[2K[G? Set up and deploy ÔÇ£D:\Ary\la-parrilla-appÔÇØ? (Y/n) cd d:\Ary\la-parrilla-app;
npx verce[1A[89G[1B[2K[1A[2K[G? Set up and deploy ÔÇ£D:\Ary\la-parrilla-appÔÇØ? (Y/n) cd d:\Ary\la-parrilla-app;
npx vercel[1A[90G[1B[2K[1A[2K[G? Set up and deploy ÔÇ£D:\Ary\la-parrilla-appÔÇØ? (Y/n) cd d:\Ary\la-parrilla-app;
npx vercel[1A[91G[1B[2K[1A[2K[G? Set up and deploy ÔÇ£D:\Ary\la-parrilla-appÔÇØ? (Y/n) cd d:\Ary\la-parrilla-app;
npx vercel l[1A[92G[1B[2K[1A[2K[G? Set up and deploy ÔÇ£D:\Ary\la-parrilla-appÔÇØ? (Y/n) cd d:\Ary\la-parrilla-app;
npx vercel lo[1A[93G[1B[2K[1A[2K[G? Set up and deploy ÔÇ£D:\Ary\la-parrilla-appÔÇØ? (Y/n) cd d:\Ary\la-parrilla-app;
npx vercel log[1A[94G[1B[2K[1A[2K[G? Set up and deploy ÔÇ£D:\Ary\la-parrilla-appÔÇØ? (Y/n) cd d:\Ary\la-parrilla-app;
npx vercel logs[1A[95G[1B[2K[1A[2K[G? Set up and deploy ÔÇ£D:\Ary\la-parrilla-appÔÇØ? (Y/n) cd d:\Ary\la-parrilla-app;
npx vercel logs[1A[96G[1B[2K[1A[2K[G? Set up and deploy ÔÇ£D:\Ary\la-parrilla-appÔÇØ? (Y/n) cd d:\Ary\la-parrilla-app;
npx vercel logs -[1A[97G[1B[2K[1A[2K[G? Set up and deploy ÔÇ£D:\Ary\la-parrilla-appÔÇØ? (Y/n) cd d:\Ary\la-parrilla-app;
npx vercel logs --[1A[98G[1B[2K[1A[2K[G? Set up and deploy ÔÇ£D:\Ary\la-parrilla-appÔÇØ? (Y/n) cd d:\Ary\la-parrilla-app;
npx vercel logs --p[1A[99G[1B[2K[1A[2K[G? Set up and deploy ÔÇ£D:\Ary\la-parrilla-appÔÇØ? (Y/n) cd d:\Ary\la-parrilla-app;
npx vercel logs --pr[1A[100G[1B[2K[1A[2K[G? Set up and deploy ÔÇ£D:\Ary\la-parrilla-appÔÇØ? (Y/n) cd d:\Ary\la-parrilla-app;
npx vercel logs --pro[1A[101G[1B[2K[1A[2K[G? Set up and deploy ÔÇ£D:\Ary\la-parrilla-appÔÇØ? (Y/n) cd d:\Ary\la-parrilla-app;
npx vercel logs --prod[1A[102G[1B[2K[1A[2K[G? Set up and deploy ÔÇ£D:\Ary\la-parrilla-appÔÇØ? (Y/n) cd d:\Ary\la-parrilla-app;
npx vercel logs --prod[1A[103G[1B[2K[1A[2K[G? Set up and deploy ÔÇ£D:\Ary\la-parrilla-appÔÇØ? (Y/n) cd d:\Ary\la-parrilla-app;
npx vercel logs --prod 2[1A[104G[1B[2K[1A[2K[G? Set up and deploy ÔÇ£D:\Ary\la-parrilla-appÔÇØ? (Y/n) cd d:\Ary\la-parrilla-app;
npx vercel logs --prod 2>[1A[105G[1B[2K[1A[2K[G? Set up and deploy ÔÇ£D:\Ary\la-parrilla-appÔÇØ? (Y/n) cd d:\Ary\la-parrilla-app;
npx vercel logs --prod 2>&[1A[106G[1B[2K[1A[2K[G? Set up and deploy ÔÇ£D:\Ary\la-parrilla-appÔÇØ? (Y/n) cd d:\Ary\la-parrilla-app;
npx vercel logs --prod 2>&1[1A[107G[1B[2K[1A[2K[G? Set up and deploy ÔÇ£D:\Ary\la-parrilla-appÔÇØ? (Y/n) cd d:\Ary\la-parrilla-app;
npx vercel logs --prod 2>&1[1A[108G[1B[2K[1A[2K[G? Set up and deploy ÔÇ£D:\Ary\la-parrilla-appÔÇØ? (Y/n) cd d:\Ary\la-parrilla-app;
npx vercel logs --prod 2>&1 |[1A[109G[1B[2K[1A[2K[G? Set up and deploy ÔÇ£D:\Ary\la-parrilla-appÔÇØ? (Y/n) cd d:\Ary\la-parrilla-app;
npx vercel logs --prod 2>&1 |[1A[110G[1B[2K[1A[2K[G? Set up and deploy ÔÇ£D:\Ary\la-parrilla-appÔÇØ? (Y/n) cd d:\Ary\la-parrilla-app;
npx vercel logs --prod 2>&1 | h[1A[111G[1B[2K[1A[2K[G? Set up and deploy ÔÇ£D:\Ary\la-parrilla-appÔÇØ? (Y/n) cd d:\Ary\la-parrilla-app;
npx vercel logs --prod 2>&1 | he[1A[112G[1B[2K[1A[2K[G? Set up and deploy ÔÇ£D:\Ary\la-parrilla-appÔÇØ? (Y/n) cd d:\Ary\la-parrilla-app;
npx vercel logs --prod 2>&1 | hea[1A[113G[1B[2K[1A[2K[G? Set up and deploy ÔÇ£D:\Ary\la-parrilla-appÔÇØ? (Y/n) cd d:\Ary\la-parrilla-app;
npx vercel logs --prod 2>&1 | head[1A[114G[1B[2K[1A[2K[G? Set up and deploy ÔÇ£D:\Ary\la-parrilla-appÔÇØ? (Y/n) cd d:\Ary\la-parrilla-app;
npx vercel logs --prod 2>&1 | head[1A[115G[1B[2K[1A[2K[G? Set up and deploy ÔÇ£D:\Ary\la-parrilla-appÔÇØ? (Y/n) cd d:\Ary\la-parrilla-app;
npx vercel logs --prod 2>&1 | head -[1A[116G[1B[2K[1A[2K[G? Set up and deploy ÔÇ£D:\Ary\la-parrilla-appÔÇØ? (Y/n) cd d:\Ary\la-parrilla-app;
npx vercel logs --prod 2>&1 | head -5[1A[117G[1B[2K[1A[2K[G? Set up and deploy ÔÇ£D:\Ary\la-parrilla-appÔÇØ? (Y/n) cd d:\Ary\la-parrilla-app;
npx vercel logs --prod 2>&1 | head -50[1A[118G[1B[2K[1A[2K[G? Set up and deploy ÔÇ£D:\Ary\la-parrilla-appÔÇØ? yes[50G
Loading scopesÔÇª
? Which scope should contain your project? (Use arrow keys)
> okyformosa2's projects[25G[26G[27G[28G[29G[30G[31G[32G[33G[34G[35G[36G[37G[38G[39G[40G[41G[42G[43G[44G[45G[46G[47G[48G[49G[50G[51G[52G[53G[54G[55G[56G[57G[58G[59G[60G[61G[62G[63G[64G[65G[66G[67G[68G[69G[70G[71G[72G[73G[74G[75G[76G[77G[78G[79G[80G[81G[25G[26G[27G[25G[26G[27G[28G[29G[30G[31G[32G[33G[34G[25G[26G[27G[2K[1A[2K[G? Which scope should contain your project? okyformosa2's projects[66G
Searching for existing projectsÔÇª
? Link to existing project? (y/N)[35G[2K[G? Link to existing project? (y/N) p[36G[2K[G? Link to existing project? (y/N) po[37G[2K[G? Link to existing project? (y/N) pow[38G[2K[G? Link to existing project? (y/N) powe[39G[2K[G? Link to existing project? (y/N) power[40G[2K[G? Link to existing project? (y/N) powers[41G[2K[G? Link to existing project? (y/N) powersh[42G[2K[G? Link to existing project? (y/N) powershe[43G[2K[G? Link to existing project? (y/N) powershel[44G[2K[G? Link to existing project? (y/N) powershell[45G[2K[G? Link to existing project? (y/N) powershell[46G[2K[G? Link to existing project? (y/N) powershell -[47G[2K[G? Link to existing project? (y/N) powershell -C[48G[2K[G? Link to existing project? (y/N) powershell -Co[49G[2K[G? Link to existing project? (y/N) powershell -Com[50G[2K[G? Link to existing project? (y/N) powershell -Comm[51G[2K[G? Link to existing project? (y/N) powershell -Comma[52G[2K[G? Link to existing project? (y/N) powershell -Comman[53G[2K[G? Link to existing project? (y/N) powershell -Command[54G[2K[G? Link to existing project? (y/N) powershell -Command[55G[2K[G? Link to existing project? (y/N) powershell -Command "[56G[2K[G? Link to existing project? (y/N) powershell -Command "I[57G[2K[G? Link to existing project? (y/N) powershell -Command "In[58G[2K[G? Link to existing project? (y/N) powershell -Command "Inv[59G[2K[G? Link to existing project? (y/N) powershell -Command "Invo[60G[2K[G? Link to existing project? (y/N) powershell -Command "Invok[61G[2K[G? Link to existing project? (y/N) powershell -Command "Invoke[62G[2K[G? Link to existing project? (y/N) powershell -Command "Invoke-[63G[2K[G? Link to existing project? (y/N) powershell -Command "Invoke-W[64G[2K[G? Link to existing project? (y/N) powershell -Command "Invoke-We[65G[2K[G? Link to existing project? (y/N) powershell -Command "Invoke-Web[66G[2K[G? Link to existing project? (y/N) powershell -Command "Invoke-WebR[67G[2K[G? Link to existing project? (y/N) powershell -Command "Invoke-WebRe[68G[2K[G? Link to existing project? (y/N) powershell -Command "Invoke-WebReq[69G[2K[G? Link to existing project? (y/N) powershell -Command "Invoke-WebRequ[70G[2K[G? Link to existing project? (y/N) powershell -Command "Invoke-WebReque[71G[2K[G? Link to existing project? (y/N) powershell -Command "Invoke-WebReques[72G[2K[G? Link to existing project? (y/N) powershell -Command "Invoke-WebRequest[73G[2K[G? Link to existing project? (y/N) powershell -Command "Invoke-WebRequest[74G[2K[G? Link to existing project? (y/N) powershell -Command "Invoke-WebRequest -[75G[2K[G? Link to existing project? (y/N) powershell -Command "Invoke-WebRequest -U[76G[2K[G? Link to existing project? (y/N) powershell -Command "Invoke-WebRequest -Ur[77G[2K[G? Link to existing project? (y/N) powershell -Command "Invoke-WebRequest -Uri[78G[2K[G? Link to existing project? (y/N) powershell -Command "Invoke-WebRequest -Uri[79G[2K[G? Link to existing project? (y/N) powershell -Command "Invoke-WebRequest -Uri '[80G[2K[G? Link to existing project? (y/N) powershell -Command "Invoke-WebRequest -Uri 'h
[1A[81G[1B[2K[1A[2K[G? Link to existing project? (y/N) powershell -Command "Invoke-WebRequest -Uri
'ht[1A[82G[1B[2K[1A[2K[G? Link to existing project? (y/N) powershell -Command "Invoke-WebRequest -Uri
'htt[1A[83G[1B[2K[1A[2K[G? Link to existing project? (y/N) powershell -Command "Invoke-WebRequest -Uri
'http[1A[84G[1B[2K[1A[2K[G? Link to existing project? (y/N) powershell -Command "Invoke-WebRequest -Uri
'https[1A[85G[1B[2K[1A[2K[G? Link to existing project? (y/N) powershell -Command "Invoke-WebRequest -Uri
'https:[1A[86G[1B[2K[1A[2K[G? Link to existing project? (y/N) powershell -Command "Invoke-WebRequest -Uri
'https:/[1A[87G[1B[2K[1A[2K[G? Link to existing project? (y/N) powershell -Command "Invoke-WebRequest -Uri
'https://[1A[88G[1B[2K[1A[2K[G? Link to existing project? (y/N) powershell -Command "Invoke-WebRequest -Uri
'https://r[1A[89G[1B[2K[1A[2K[G? Link to existing project? (y/N) powershell -Command "Invoke-WebRequest -Uri
'https://ro[1A[90G[1B[2K[1A[2K[G? Link to existing project? (y/N) powershell -Command "Invoke-WebRequest -Uri
'https://rot[1A[91G[1B[2K[1A[2K[G? Link to existing project? (y/N) powershell -Command "Invoke-WebRequest -Uri
'https://roti[1A[92G[1B[2K[1A[2K[G? Link to existing project? (y/N) powershell -Command "Invoke-WebRequest -Uri
'https://rotis[1A[93G[1B[2K[1A[2K[G? Link to existing project? (y/N) powershell -Command "Invoke-WebRequest -Uri
'https://rotise[1A[94G[1B[2K[1A[2K[G? Link to existing project? (y/N) powershell -Command "Invoke-WebRequest -Uri
'https://rotiser[1A[95G[1B[2K[1A[2K[G? Link to existing project? (y/N) powershell -Command "Invoke-WebRequest -Uri
'https://rotiseri[1A[96G[1B[2K[1A[2K[G? Link to existing project? (y/N) powershell -Command "Invoke-WebRequest -Uri
'https://rotiseria[1A[97G[1B[2K[1A[2K[G? Link to existing project? (y/N) powershell -Command "Invoke-WebRequest -Uri
'https://rotiseria-[1A[98G[1B[2K[1A[2K[G? Link to existing project? (y/N) powershell -Command "Invoke-WebRequest -Uri
'https://rotiseria-l[1A[99G[1B[2K[1A[2K[G? Link to existing project? (y/N) powershell -Command "Invoke-WebRequest -Uri
'https://rotiseria-la[1A[100G[1B[2K[1A[2K[G? Link to existing project? (y/N) powershell -Command "Invoke-WebRequest -Uri
'https://rotiseria-la-[1A[101G[1B[2K[1A[2K[G? Link to existing project? (y/N) powershell -Command "Invoke-WebRequest -Uri
'https://rotiseria-la-p[1A[102G[1B[2K[1A[2K[G? Link to existing project? (y/N) powershell -Command "Invoke-WebRequest -Uri
'https://rotiseria-la-pa[1A[103G[1B[2K[1A[2K[G? Link to existing project? (y/N) powershell -Command "Invoke-WebRequest -Uri
'https://rotiseria-la-par[1A[104G[1B[2K[1A[2K[G? Link to existing project? (y/N) powershell -Command "Invoke-WebRequest -Uri
'https://rotiseria-la-parr[1A[105G[1B[2K[1A[2K[G? Link to existing project? (y/N) powershell -Command "Invoke-WebRequest -Uri
'https://rotiseria-la-parri[1A[106G[1B[2K[1A[2K[G? Link to existing project? (y/N) powershell -Command "Invoke-WebRequest -Uri
'https://rotiseria-la-parril[1A[107G[1B[2K[1A[2K[G? Link to existing project? (y/N) powershell -Command "Invoke-WebRequest -Uri
'https://rotiseria-la-parrill[1A[108G[1B[2K[1A[2K[G? Link to existing project? (y/N) powershell -Command "Invoke-WebRequest -Uri
'https://rotiseria-la-parrilla[1A[109G[1B[2K[1A[2K[G? Link to existing project? (y/N) powershell -Command "Invoke-WebRequest -Uri
'https://rotiseria-la-parrilla.[1A[110G[1B[2K[1A[2K[G? Link to existing project? (y/N) powershell -Command "Invoke-WebRequest -Uri
'https://rotiseria-la-parrilla.v[1A[111G[1B[2K[1A[2K[G? Link to existing project? (y/N) powershell -Command "Invoke-WebRequest -Uri
'https://rotiseria-la-parrilla.ve[1A[112G[1B[2K[1A[2K[G? Link to existing project? (y/N) powershell -Command "Invoke-WebRequest -Uri
'https://rotiseria-la-parrilla.ver[1A[113G[1B[2K[1A[2K[G? Link to existing project? (y/N) powershell -Command "Invoke-WebRequest -Uri
'https://rotiseria-la-parrilla.verc[1A[114G[1B[2K[1A[2K[G? Link to existing project? (y/N) powershell -Command "Invoke-WebRequest -Uri
'https://rotiseria-la-parrilla.verce[1A[115G[1B[2K[1A[2K[G? Link to existing project? (y/N) powershell -Command "Invoke-WebRequest -Uri
'https://rotiseria-la-parrilla.vercel[1A[116G[1B[2K[1A[2K[G? Link to existing project? (y/N) powershell -Command "Invoke-WebRequest -Uri
'https://rotiseria-la-parrilla.vercel.[1A[117G[1B[2K[1A[2K[G? Link to existing project? (y/N) powershell -Command "Invoke-WebRequest -Uri
'https://rotiseria-la-parrilla.vercel.a[1A[118G[1B[2K[1A[2K[G? Link to existing project? (y/N) powershell -Command "Invoke-WebRequest -Uri
'https://rotiseria-la-parrilla.vercel.ap[1A[119G[1B[2K[1A[2K[G? Link to existing project? (y/N) powershell -Command "Invoke-WebRequest -Uri
'https://rotiseria-la-parrilla.vercel.app[1A[120G[1B[2K[1A[2K[G? Link to existing project? (y/N) powershell -Command "Invoke-WebRequest -Uri
'https://rotiseria-la-parrilla.vercel.app/[1A[121G[1B[2K[1A[2K[G? Link to existing project? (y/N) powershell -Command "Invoke-WebRequest -Uri
'https://rotiseria-la-parrilla.vercel.app/'[1A[122G[1B[2K[1A[2K[G? Link to existing project? (y/N) powershell -Command "Invoke-WebRequest -Uri
'https://rotiseria-la-parrilla.vercel.app/'[1A[123G[1B[2K[1A[2K[G? Link to existing project? (y/N) powershell -Command "Invoke-WebRequest -Uri
'https://rotiseria-la-parrilla.vercel.app/' -[1A[124G[1B[2K[1A[2K[G? Link to existing project? (y/N) powershell -Command "Invoke-WebRequest -Uri
'https://rotiseria-la-parrilla.vercel.app/' -U[1A[125G[1B[2K[1A[2K[G? Link to existing project? (y/N) powershell -Command "Invoke-WebRequest -Uri
'https://rotiseria-la-parrilla.vercel.app/' -Us[1A[126G[1B[2K[1A[2K[G? Link to existing project? (y/N) powershell -Command "Invoke-WebRequest -Uri
'https://rotiseria-la-parrilla.vercel.app/' -Use[1A[127G[1B[2K[1A[2K[G? Link to existing project? (y/N) powershell -Command "Invoke-WebRequest -Uri
'https://rotiseria-la-parrilla.vercel.app/' -UseB[1A[128G[1B[2K[1A[2K[G? Link to existing project? (y/N) powershell -Command "Invoke-WebRequest -Uri
'https://rotiseria-la-parrilla.vercel.app/' -UseBa[1A[129G[1B[2K[1A[2K[G? Link to existing project? (y/N) powershell -Command "Invoke-WebRequest -Uri
'https://rotiseria-la-parrilla.vercel.app/' -UseBas[1A[130G[1B[2K[1A[2K[G? Link to existing project? (y/N) powershell -Command "Invoke-WebRequest -Uri
'https://rotiseria-la-parrilla.vercel.app/' -UseBasi[1A[131G[1B[2K[1A[2K[G? Link to existing project? (y/N) powershell -Command "Invoke-WebRequest -Uri
'https://rotiseria-la-parrilla.vercel.app/' -UseBasic[1A[132G[1B[2K[1A[2K[G? Link to existing project? (y/N) powershell -Command "Invoke-WebRequest -Uri
'https://rotiseria-la-parrilla.vercel.app/' -UseBasicP[1A[133G[1B[2K[1A[2K[G? Link to existing project? (y/N) powershell -Command "Invoke-WebRequest -Uri
'https://rotiseria-la-parrilla.vercel.app/' -UseBasicPa[1A[134G[1B[2K[1A[2K[G? Link to existing project? (y/N) powershell -Command "Invoke-WebRequest -Uri
'https://rotiseria-la-parrilla.vercel.app/' -UseBasicPar[1A[135G[1B[2K[1A[2K[G? Link to existing project? (y/N) powershell -Command "Invoke-WebRequest -Uri
'https://rotiseria-la-parrilla.vercel.app/' -UseBasicPars[1A[136G[1B[2K[1A[2K[G? Link to existing project? (y/N) powershell -Command "Invoke-WebRequest -Uri
'https://rotiseria-la-parrilla.vercel.app/' -UseBasicParsi[1A[137G[1B[2K[1A[2K[G? Link to existing project? (y/N) powershell -Command "Invoke-WebRequest -Uri
'https://rotiseria-la-parrilla.vercel.app/' -UseBasicParsin[1A[138G[1B[2K[1A[2K[G? Link to existing project? (y/N) powershell -Command "Invoke-WebRequest -Uri
'https://rotiseria-la-parrilla.vercel.app/' -UseBasicParsing[1A[139G[1B[2K[1A[2K[G? Link to existing project? (y/N) powershell -Command "Invoke-WebRequest -Uri
'https://rotiseria-la-parrilla.vercel.app/' -UseBasicParsing[1A[140G[1B[2K[1A[2K[G? Link to existing project? (y/N) powershell -Command "Invoke-WebRequest -Uri
'https://rotiseria-la-parrilla.vercel.app/' -UseBasicParsing -[1A[141G[1B[2K[1A[2K[G? Link to existing project? (y/N) powershell -Command "Invoke-WebRequest -Uri
'https://rotiseria-la-parrilla.vercel.app/' -UseBasicParsing -T[1A[142G[1B[2K[1A[2K[G? Link to existing project? (y/N) powershell -Command "Invoke-WebRequest -Uri
'https://rotiseria-la-parrilla.vercel.app/' -UseBasicParsing -Ti[1A[143G[1B[2K[1A[2K[G? Link to existing project? (y/N) powershell -Command "Invoke-WebRequest -Uri
'https://rotiseria-la-parrilla.vercel.app/' -UseBasicParsing -Tim[1A[144G[1B[2K[1A[2K[G? Link to existing project? (y/N) powershell -Command "Invoke-WebRequest -Uri
'https://rotiseria-la-parrilla.vercel.app/' -UseBasicParsing -Time[1A[145G[1B[2K[1A[2K[G? Link to existing project? (y/N) powershell -Command "Invoke-WebRequest -Uri
'https://rotiseria-la-parrilla.vercel.app/' -UseBasicParsing -Timeo[1A[146G[1B[2K[1A[2K[G? Link to existing project? (y/N) powershell -Command "Invoke-WebRequest -Uri
'https://rotiseria-la-parrilla.vercel.app/' -UseBasicParsing -Timeou[1A[147G[1B[2K[1A[2K[G? Link to existing project? (y/N) powershell -Command "Invoke-WebRequest -Uri
'https://rotiseria-la-parrilla.vercel.app/' -UseBasicParsing -Timeout[1A[148G[1B[2K[1A[2K[G? Link to existing project? (y/N) powershell -Command "Invoke-WebRequest -Uri
'https://rotiseria-la-parrilla.vercel.app/' -UseBasicParsing -TimeoutS[1A[149G[1B[2K[1A[2K[G? Link to existing project? (y/N) powershell -Command "Invoke-WebRequest -Uri
'https://rotiseria-la-parrilla.vercel.app/' -UseBasicParsing -TimeoutSe[1A[150G[1B[2K[1A[2K[G? Link to existing project? (y/N) powershell -Command "Invoke-WebRequest -Uri
'https://rotiseria-la-parrilla.vercel.app/' -UseBasicParsing -TimeoutSec[1A[151G[1B[2K[1A[2K[G? Link to existing project? (y/N) powershell -Command "Invoke-WebRequest -Uri
'https://rotiseria-la-parrilla.vercel.app/' -UseBasicParsing -TimeoutSec[1A[152G[1B[2K[1A[2K[G? Link to existing project? (y/N) powershell -Command "Invoke-WebRequest -Uri
'https://rotiseria-la-parrilla.vercel.app/' -UseBasicParsing -TimeoutSec 1[1A[153G[1B[2K[1A[2K[G? Link to existing project? (y/N) powershell -Command "Invoke-WebRequest -Uri
'https://rotiseria-la-parrilla.vercel.app/' -UseBasicParsing -TimeoutSec 10[1A[154G[1B[2K[1A[2K[G? Link to existing project? (y/N) powershell -Command "Invoke-WebRequest -Uri
'https://rotiseria-la-parrilla.vercel.app/' -UseBasicParsing -TimeoutSec 10[1A[155G[1B[2K[1A[2K[G? Link to existing project? (y/N) powershell -Command "Invoke-WebRequest -Uri
'https://rotiseria-la-parrilla.vercel.app/' -UseBasicParsing -TimeoutSec 10 2[1A[156G[1B[2K[1A[2K[G? Link to existing project? (y/N) powershell -Command "Invoke-WebRequest -Uri
'https://rotiseria-la-parrilla.vercel.app/' -UseBasicParsing -TimeoutSec 10 2>[1A[157G[1B[2K[1A[2K[G? Link to existing project? (y/N) powershell -Command "Invoke-WebRequest -Uri
'https://rotiseria-la-parrilla.vercel.app/' -UseBasicParsing -TimeoutSec 10 2>&[1A[158G[1B[2K[1A[2K[G? Link to existing project? (y/N) powershell -Command "Invoke-WebRequest -Uri
'https://rotiseria-la-parrilla.vercel.app/' -UseBasicParsing -TimeoutSec 10 2>&1[1A[159G[1B[2K[1A[2K[G? Link to existing project? (y/N) powershell -Command "Invoke-WebRequest -Uri
'https://rotiseria-la-parrilla.vercel.app/' -UseBasicParsing -TimeoutSec 10 2>&1
[1A[160G[1B[2K[1A[2K[1A[2K[G? Link to existing project? (y/N) powershell -Command "Invoke-WebRequest -Uri
'https://rotiseria-la-parrilla.vercel.app/' -UseBasicParsing -TimeoutSec 10 2>&1
 |
[2A[161G[2B[2K[1A[2K[1A[2K[1A[2K[G? Link to existing project? (y/N) powershell -Command "Invoke-WebRequest -Uri
'https://rotiseria-la-parrilla.vercel.app/' -UseBasicParsing -TimeoutSec 10 2>&1
 |[2A[162G[2B[2K[1A[2K[1A[2K[G? Link to existing project? (y/N) powershell -Command "Invoke-WebRequest -Uri
'https://rotiseria-la-parrilla.vercel.app/' -UseBasicParsing -TimeoutSec 10 2>&1
 | S[2A[163G[2B[2K[1A[2K[1A[2K[G? Link to existing project? (y/N) powershell -Command "Invoke-WebRequest -Uri
'https://rotiseria-la-parrilla.vercel.app/' -UseBasicParsing -TimeoutSec 10 2>&1
 | Se[2A[164G[2B[2K[1A[2K[1A[2K[G? Link to existing project? (y/N) powershell -Command "Invoke-WebRequest -Uri
'https://rotiseria-la-parrilla.vercel.app/' -UseBasicParsing -TimeoutSec 10 2>&1
 | Sel[2A[165G[2B[2K[1A[2K[1A[2K[G? Link to existing project? (y/N) powershell -Command "Invoke-WebRequest -Uri
'https://rotiseria-la-parrilla.vercel.app/' -UseBasicParsing -TimeoutSec 10 2>&1
 | Sele[2A[166G[2B[2K[1A[2K[1A[2K[G? Link to existing project? (y/N) powershell -Command "Invoke-WebRequest -Uri
'https://rotiseria-la-parrilla.vercel.app/' -UseBasicParsing -TimeoutSec 10 2>&1
 | Selec[2A[167G[2B[2K[1A[2K[1A[2K[G? Link to existing project? (y/N) powershell -Command "Invoke-WebRequest -Uri
'https://rotiseria-la-parrilla.vercel.app/' -UseBasicParsing -TimeoutSec 10 2>&1
 | Select[2A[168G[2B[2K[1A[2K[1A[2K[G? Link to existing project? (y/N) powershell -Command "Invoke-WebRequest -Uri
'https://rotiseria-la-parrilla.vercel.app/' -UseBasicParsing -TimeoutSec 10 2>&1
 | Select-[2A[169G[2B[2K[1A[2K[1A[2K[G? Link to existing project? (y/N) powershell -Command "Invoke-WebRequest -Uri
'https://rotiseria-la-parrilla.vercel.app/' -UseBasicParsing -TimeoutSec 10 2>&1
 | Select-O[2A[170G[2B[2K[1A[2K[1A[2K[G? Link to existing project? (y/N) powershell -Command "Invoke-WebRequest -Uri
'https://rotiseria-la-parrilla.vercel.app/' -UseBasicParsing -TimeoutSec 10 2>&1
 | Select-Ob[2A[171G[2B[2K[1A[2K[1A[2K[G? Link to existing project? (y/N) powershell -Command "Invoke-WebRequest -Uri
'https://rotiseria-la-parrilla.vercel.app/' -UseBasicParsing -TimeoutSec 10 2>&1
 | Select-Obj[2A[172G[2B[2K[1A[2K[1A[2K[G? Link to existing project? (y/N) powershell -Command "Invoke-WebRequest -Uri
'https://rotiseria-la-parrilla.vercel.app/' -UseBasicParsing -TimeoutSec 10 2>&1
 | Select-Obje[2A[173G[2B[2K[1A[2K[1A[2K[G? Link to existing project? (y/N) powershell -Command "Invoke-WebRequest -Uri
'https://rotiseria-la-parrilla.vercel.app/' -UseBasicParsing -TimeoutSec 10 2>&1
 | Select-Objec[2A[174G[2B[2K[1A[2K[1A[2K[G? Link to existing project? (y/N) powershell -Command "Invoke-WebRequest -Uri
'https://rotiseria-la-parrilla.vercel.app/' -UseBasicParsing -TimeoutSec 10 2>&1
 | Select-Object[2A[175G[2B[2K[1A[2K[1A[2K[G? Link to existing project? (y/N) powershell -Command "Invoke-WebRequest -Uri
'https://rotiseria-la-parrilla.vercel.app/' -UseBasicParsing -TimeoutSec 10 2>&1
 | Select-Object[2A[176G[2B[2K[1A[2K[1A[2K[G? Link to existing project? (y/N) powershell -Command "Invoke-WebRequest -Uri
'https://rotiseria-la-parrilla.vercel.app/' -UseBasicParsing -TimeoutSec 10 2>&1
 | Select-Object S[2A[177G[2B[2K[1A[2K[1A[2K[G? Link to existing project? (y/N) powershell -Command "Invoke-WebRequest -Uri
'https://rotiseria-la-parrilla.vercel.app/' -UseBasicParsing -TimeoutSec 10 2>&1
 | Select-Object St[2A[178G[2B[2K[1A[2K[1A[2K[G? Link to existing project? (y/N) powershell -Command "Invoke-WebRequest -Uri
'https://rotiseria-la-parrilla.vercel.app/' -UseBasicParsing -TimeoutSec 10 2>&1
 | Select-Object Sta[2A[179G[2B[2K[1A[2K[1A[2K[G? Link to existing project? (y/N) powershell -Command "Invoke-WebRequest -Uri
'https://rotiseria-la-parrilla.vercel.app/' -UseBasicParsing -TimeoutSec 10 2>&1
 | Select-Object Stat[2A[180G[2B[2K[1A[2K[1A[2K[G? Link to existing project? (y/N) powershell -Command "Invoke-WebRequest -Uri
'https://rotiseria-la-parrilla.vercel.app/' -UseBasicParsing -TimeoutSec 10 2>&1
 | Select-Object Statu[2A[181G[2B[2K[1A[2K[1A[2K[G? Link to existing project? (y/N) powershell -Command "Invoke-WebRequest -Uri
'https://rotiseria-la-parrilla.vercel.app/' -UseBasicParsing -TimeoutSec 10 2>&1
 | Select-Object Status[2A[182G[2B[2K[1A[2K[1A[2K[G? Link to existing project? (y/N) powershell -Command "Invoke-WebRequest -Uri
'https://rotiseria-la-parrilla.vercel.app/' -UseBasicParsing -TimeoutSec 10 2>&1
 | Select-Object StatusC[2A[183G[2B[2K[1A[2K[1A[2K[G? Link to existing project? (y/N) powershell -Command "Invoke-WebRequest -Uri
'https://rotiseria-la-parrilla.vercel.app/' -UseBasicParsing -TimeoutSec 10 2>&1
 | Select-Object StatusCo[2A[184G[2B[2K[1A[2K[1A[2K[G? Link to existing project? (y/N) powershell -Command "Invoke-WebRequest -Uri
'https://rotiseria-la-parrilla.vercel.app/' -UseBasicParsing -TimeoutSec 10 2>&1
 | Select-Object StatusCod[2A[185G[2B[2K[1A[2K[1A[2K[G? Link to existing project? (y/N) powershell -Command "Invoke-WebRequest -Uri
'https://rotiseria-la-parrilla.vercel.app/' -UseBasicParsing -TimeoutSec 10 2>&1
 | Select-Object StatusCode[2A[186G[2B[2K[1A[2K[1A[2K[G? Link to existing project? (y/N) powershell -Command "Invoke-WebRequest -Uri
'https://rotiseria-la-parrilla.vercel.app/' -UseBasicParsing -TimeoutSec 10 2>&1
 | Select-Object StatusCode,[2A[187G[2B[2K[1A[2K[1A[2K[G? Link to existing project? (y/N) powershell -Command "Invoke-WebRequest -Uri
'https://rotiseria-la-parrilla.vercel.app/' -UseBasicParsing -TimeoutSec 10 2>&1
 | Select-Object StatusCode,[2A[188G[2B[2K[1A[2K[1A[2K[G? Link to existing project? (y/N) powershell -Command "Invoke-WebRequest -Uri
'https://rotiseria-la-parrilla.vercel.app/' -UseBasicParsing -TimeoutSec 10 2>&1
 | Select-Object StatusCode, S[2A[189G[2B[2K[1A[2K[1A[2K[G? Link to existing project? (y/N) powershell -Command "Invoke-WebRequest -Uri
'https://rotiseria-la-parrilla.vercel.app/' -UseBasicParsing -TimeoutSec 10 2>&1
 | Select-Object StatusCode, St[2A[190G[2B[2K[1A[2K[1A[2K[G? Link to existing project? (y/N) powershell -Command "Invoke-WebRequest -Uri
'https://rotiseria-la-parrilla.vercel.app/' -UseBasicParsing -TimeoutSec 10 2>&1
 | Select-Object StatusCode, Sta[2A[191G[2B[2K[1A[2K[1A[2K[G? Link to existing project? (y/N) powershell -Command "Invoke-WebRequest -Uri
'https://rotiseria-la-parrilla.vercel.app/' -UseBasicParsing -TimeoutSec 10 2>&1
 | Select-Object StatusCode, Stat[2A[192G[2B[2K[1A[2K[1A[2K[G? Link to existing project? (y/N) powershell -Command "Invoke-WebRequest -Uri
'https://rotiseria-la-parrilla.vercel.app/' -UseBasicParsing -TimeoutSec 10 2>&1
 | Select-Object StatusCode, Statu[2A[193G[2B[2K[1A[2K[1A[2K[G? Link to existing project? (y/N) powershell -Command "Invoke-WebRequest -Uri
'https://rotiseria-la-parrilla.vercel.app/' -UseBasicParsing -TimeoutSec 10 2>&1
 | Select-Object StatusCode, Status[2A[194G[2B[2K[1A[2K[1A[2K[G? Link to existing project? (y/N) powershell -Command "Invoke-WebRequest -Uri
'https://rotiseria-la-parrilla.vercel.app/' -UseBasicParsing -TimeoutSec 10 2>&1
 | Select-Object StatusCode, StatusD[2A[195G[2B[2K[1A[2K[1A[2K[G? Link to existing project? (y/N) powershell -Command "Invoke-WebRequest -Uri
'https://rotiseria-la-parrilla.vercel.app/' -UseBasicParsing -TimeoutSec 10 2>&1
 | Select-Object StatusCode, StatusDe[2A[196G[2B[2K[1A[2K[1A[2K[G? Link to existing project? (y/N) powershell -Command "Invoke-WebRequest -Uri
'https://rotiseria-la-parrilla.vercel.app/' -UseBasicParsing -TimeoutSec 10 2>&1
 | Select-Object StatusCode, StatusDes[2A[197G[2B[2K[1A[2K[1A[2K[G? Link to existing project? (y/N) powershell -Command "Invoke-WebRequest -Uri
'https://rotiseria-la-parrilla.vercel.app/' -UseBasicParsing -TimeoutSec 10 2>&1
 | Select-Object StatusCode, StatusDesc[2A[198G[2B[2K[1A[2K[1A[2K[G? Link to existing project? (y/N) powershell -Command "Invoke-WebRequest -Uri
'https://rotiseria-la-parrilla.vercel.app/' -UseBasicParsing -TimeoutSec 10 2>&1
 | Select-Object StatusCode, StatusDescr[2A[199G[2B[2K[1A[2K[1A[2K[G? Link to existing project? (y/N) powershell -Command "Invoke-WebRequest -Uri
'https://rotiseria-la-parrilla.vercel.app/' -UseBasicParsing -TimeoutSec 10 2>&1
 | Select-Object StatusCode, StatusDescri[2A[200G[2B[2K[1A[2K[1A[2K[G? Link to existing project? (y/N) powershell -Command "Invoke-WebRequest -Uri
'https://rotiseria-la-parrilla.vercel.app/' -UseBasicParsing -TimeoutSec 10 2>&1
 | Select-Object StatusCode, StatusDescrip[2A[201G[2B[2K[1A[2K[1A[2K[G? Link to existing project? (y/N) powershell -Command "Invoke-WebRequest -Uri
'https://rotiseria-la-parrilla.vercel.app/' -UseBasicParsing -TimeoutSec 10 2>&1
 | Select-Object StatusCode, StatusDescript[2A[202G[2B[2K[1A[2K[1A[2K[G? Link to existing project? (y/N) powershell -Command "Invoke-WebRequest -Uri
'https://rotiseria-la-parrilla.vercel.app/' -UseBasicParsing -TimeoutSec 10 2>&1
 | Select-Object StatusCode, StatusDescripti[2A[203G[2B[2K[1A[2K[1A[2K[G? Link to existing project? (y/N) powershell -Command "Invoke-WebRequest -Uri
'https://rotiseria-la-parrilla.vercel.app/' -UseBasicParsing -TimeoutSec 10 2>&1
 | Select-Object StatusCode, StatusDescriptio[2A[204G[2B[2K[1A[2K[1A[2K[G? Link to existing project? (y/N) powershell -Command "Invoke-WebRequest -Uri
'https://rotiseria-la-parrilla.vercel.app/' -UseBasicParsing -TimeoutSec 10 2>&1
 | Select-Object StatusCode, StatusDescription[2A[205G[2B[2K[1A[2K[1A[2K[G? Link to existing project? (y/N) powershell -Command "Invoke-WebRequest -Uri
'https://rotiseria-la-parrilla.vercel.app/' -UseBasicParsing -TimeoutSec 10 2>&1
 | Select-Object StatusCode, StatusDescription[2A[206G[2B[2K[1A[2K[1A[2K[G? Link to existing project? (y/N) powershell -Command "Invoke-WebRequest -Uri
'https://rotiseria-la-parrilla.vercel.app/' -UseBasicParsing -TimeoutSec 10 2>&1
 | Select-Object StatusCode, StatusDescription |[2A[207G[2B[2K[1A[2K[1A[2K[G? Link to existing project? (y/N) powershell -Command "Invoke-WebRequest -Uri
'https://rotiseria-la-parrilla.vercel.app/' -UseBasicParsing -TimeoutSec 10 2>&1
 | Select-Object StatusCode, StatusDescription |[2A[208G[2B[2K[1A[2K[1A[2K[G? Link to existing project? (y/N) powershell -Command "Invoke-WebRequest -Uri
'https://rotiseria-la-parrilla.vercel.app/' -UseBasicParsing -TimeoutSec 10 2>&1
 | Select-Object StatusCode, StatusDescription | F[2A[209G[2B[2K[1A[2K[1A[2K[G? Link to existing project? (y/N) powershell -Command "Invoke-WebRequest -Uri
'https://rotiseria-la-parrilla.vercel.app/' -UseBasicParsing -TimeoutSec 10 2>&1
 | Select-Object StatusCode, StatusDescription | Fo[2A[210G[2B[2K[1A[2K[1A[2K[G? Link to existing project? (y/N) powershell -Command "Invoke-WebRequest -Uri
'https://rotiseria-la-parrilla.vercel.app/' -UseBasicParsing -TimeoutSec 10 2>&1
 | Select-Object StatusCode, StatusDescription | For[2A[211G[2B[2K[1A[2K[1A[2K[G? Link to existing project? (y/N) powershell -Command "Invoke-WebRequest -Uri
'https://rotiseria-la-parrilla.vercel.app/' -UseBasicParsing -TimeoutSec 10 2>&1
 | Select-Object StatusCode, StatusDescription | Form[2A[212G[2B[2K[1A[2K[1A[2K[G? Link to existing project? (y/N) powershell -Command "Invoke-WebRequest -Uri
'https://rotiseria-la-parrilla.vercel.app/' -UseBasicParsing -TimeoutSec 10 2>&1
 | Select-Object StatusCode, StatusDescription | Forma[2A[213G[2B[2K[1A[2K[1A[2K[G? Link to existing project? (y/N) powershell -Command "Invoke-WebRequest -Uri
'https://rotiseria-la-parrilla.vercel.app/' -UseBasicParsing -TimeoutSec 10 2>&1
 | Select-Object StatusCode, StatusDescription | Format[2A[214G[2B[2K[1A[2K[1A[2K[G? Link to existing project? (y/N) powershell -Command "Invoke-WebRequest -Uri
'https://rotiseria-la-parrilla.vercel.app/' -UseBasicParsing -TimeoutSec 10 2>&1
 | Select-Object StatusCode, StatusDescription | Format-[2A[215G[2B[2K[1A[2K[1A[2K[G? Link to existing project? (y/N) powershell -Command "Invoke-WebRequest -Uri
'https://rotiseria-la-parrilla.vercel.app/' -UseBasicParsing -TimeoutSec 10 2>&1
 | Select-Object StatusCode, StatusDescription | Format-T[2A[216G[2B[2K[1A[2K[1A[2K[G? Link to existing project? (y/N) powershell -Command "Invoke-WebRequest -Uri
'https://rotiseria-la-parrilla.vercel.app/' -UseBasicParsing -TimeoutSec 10 2>&1
 | Select-Object StatusCode, StatusDescription | Format-Ta[2A[217G[2B[2K[1A[2K[1A[2K[G? Link to existing project? (y/N) powershell -Command "Invoke-WebRequest -Uri
'https://rotiseria-la-parrilla.vercel.app/' -UseBasicParsing -TimeoutSec 10 2>&1
 | Select-Object StatusCode, StatusDescription | Format-Tab[2A[218G[2B[2K[1A[2K[1A[2K[G? Link to existing project? (y/N) powershell -Command "Invoke-WebRequest -Uri
'https://rotiseria-la-parrilla.vercel.app/' -UseBasicParsing -TimeoutSec 10 2>&1
 | Select-Object StatusCode, StatusDescription | Format-Tabl[2A[219G[2B[2K[1A[2K[1A[2K[G? Link to existing project? (y/N) powershell -Command "Invoke-WebRequest -Uri
'https://rotiseria-la-parrilla.vercel.app/' -UseBasicParsing -TimeoutSec 10 2>&1
 | Select-Object StatusCode, StatusDescription | Format-Table[2A[220G[2B[2K[1A[2K[1A[2K[G? Link to existing project? (y/N) powershell -Command "Invoke-WebRequest -Uri
'https://rotiseria-la-parrilla.vercel.app/' -UseBasicParsing -TimeoutSec 10 2>&1
 | Select-Object StatusCode, StatusDescription | Format-Table[2A[221G[2B[2K[1A[2K[1A[2K[G? Link to existing project? (y/N) powershell -Command "Invoke-WebRequest -Uri
'https://rotiseria-la-parrilla.vercel.app/' -UseBasicParsing -TimeoutSec 10 2>&1
 | Select-Object StatusCode, StatusDescription | Format-Table -[2A[222G[2B[2K[1A[2K[1A[2K[G? Link to existing project? (y/N) powershell -Command "Invoke-WebRequest -Uri
'https://rotiseria-la-parrilla.vercel.app/' -UseBasicParsing -TimeoutSec 10 2>&1
 | Select-Object StatusCode, StatusDescription | Format-Table -A[2A[223G[2B[2K[1A[2K[1A[2K[G? Link to existing project? (y/N) powershell -Command "Invoke-WebRequest -Uri
'https://rotiseria-la-parrilla.vercel.app/' -UseBasicParsing -TimeoutSec 10 2>&1
 | Select-Object StatusCode, StatusDescription | Format-Table -Au[2A[224G[2B[2K[1A[2K[1A[2K[G? Link to existing project? (y/N) powershell -Command "Invoke-WebRequest -Uri
'https://rotiseria-la-parrilla.vercel.app/' -UseBasicParsing -TimeoutSec 10 2>&1
 | Select-Object StatusCode, StatusDescription | Format-Table -Aut[2A[225G[2B[2K[1A[2K[1A[2K[G? Link to existing project? (y/N) powershell -Command "Invoke-WebRequest -Uri
'https://rotiseria-la-parrilla.vercel.app/' -UseBasicParsing -TimeoutSec 10 2>&1
 | Select-Object StatusCode, StatusDescription | Format-Table -Auto[2A[226G[2B[2K[1A[2K[1A[2K[G? Link to existing project? (y/N) powershell -Command "Invoke-WebRequest -Uri
'https://rotiseria-la-parrilla.vercel.app/' -UseBasicParsing -TimeoutSec 10 2>&1
 | Select-Object StatusCode, StatusDescription | Format-Table -AutoS[2A[227G[2B[2K[1A[2K[1A[2K[G? Link to existing project? (y/N) powershell -Command "Invoke-WebRequest -Uri
'https://rotiseria-la-parrilla.vercel.app/' -UseBasicParsing -TimeoutSec 10 2>&1
 | Select-Object StatusCode, StatusDescription | Format-Table -AutoSi[2A[228G[2B[2K[1A[2K[1A[2K[G? Link to existing project? (y/N) powershell -Command "Invoke-WebRequest -Uri
'https://rotiseria-la-parrilla.vercel.app/' -UseBasicParsing -TimeoutSec 10 2>&1
 | Select-Object StatusCode, StatusDescription | Format-Table -AutoSiz[2A[229G[2B[2K[1A[2K[1A[2K[G? Link to existing project? (y/N) powershell -Command "Invoke-WebRequest -Uri
'https://rotiseria-la-parrilla.vercel.app/' -UseBasicParsing -TimeoutSec 10 2>&1
 | Select-Object StatusCode, StatusDescription | Format-Table -AutoSize[2A[230G[2B[2K[1A[2K[1A[2K[G? Link to existing project? (y/N) powershell -Command "Invoke-WebRequest -Uri
'https://rotiseria-la-parrilla.vercel.app/' -UseBasicParsing -TimeoutSec 10 2>&1
 | Select-Object StatusCode, StatusDescription | Format-Table -AutoSize"[2A[231G[2B[2K[1A[2K[1A[2K[G? Link to existing project? no[31G
? WhatÔÇÖs your projectÔÇÖs name? (la-parrilla-app)[49G[2K[G? WhatÔÇÖs your projectÔÇÖs name? y[32G[2K[G? WhatÔÇÖs your projectÔÇÖs name? ye[33G[2K[G? WhatÔÇÖs your projectÔÇÖs name? yes[34G[2K[GÔáï WhatÔÇÖs your projectÔÇÖs name? yes[34G[2K[GÔáÖ WhatÔÇÖs your projectÔÇÖs name? yes[34G[2K[GÔá╣ WhatÔÇÖs your projectÔÇÖs name? yes[34G[2K[GÔá© WhatÔÇÖs your projectÔÇÖs name? yes[34G[2K[G? WhatÔÇÖs your projectÔÇÖs name? yes[34G
? In which directory is your code located? ./[46G[2K[G? In which directory is your code located? ./p[47G[2K[G? In which directory is your code located? ./po[48G[2K[G? In which directory is your code located? ./pow[49G[2K[G? In which directory is your code located? ./powe[50G[2K[G? In which directory is your code located? ./power[51G[2K[G? In which directory is your code located? ./powers[52G[2K[G? In which directory is your code located? ./powersh[53G[2K[G? In which directory is your code located? ./powershe[54G[2K[G? In which directory is your code located? ./powershel[55G[2K[G? In which directory is your code located? ./powershell[56G[2K[G? In which directory is your code located? ./powershell[57G[2K[G? In which directory is your code located? ./powershell -[58G[2K[G? In which directory is your code located? ./powershell -E[59G[2K[G? In which directory is your code located? ./powershell -Ex[60G[2K[G? In which directory is your code located? ./powershell -Exe[61G[2K[G? In which directory is your code located? ./powershell -Exec[62G[2K[G? In which directory is your code located? ./powershell -Execu[63G[2K[G? In which directory is your code located? ./powershell -Execut[64G[2K[G? In which directory is your code located? ./powershell -Executi[65G[2K[G? In which directory is your code located? ./powershell -Executio[66G[2K[G? In which directory is your code located? ./powershell -Execution[67G[2K[G? In which directory is your code located? ./powershell -ExecutionP[68G[2K[G? In which directory is your code located? ./powershell -ExecutionPo[69G[2K[G? In which directory is your code located? ./powershell -ExecutionPol[70G[2K[G? In which directory is your code located? ./powershell -ExecutionPoli[71G[2K[G? In which directory is your code located? ./powershell -ExecutionPolic[72G[2K[G? In which directory is your code located? ./powershell -ExecutionPolicy[73G[2K[G? In which directory is your code located? ./powershell -ExecutionPolicy[74G[2K[G? In which directory is your code located? ./powershell -ExecutionPolicy B[75G[2K[G? In which directory is your code located? ./powershell -ExecutionPolicy By[76G[2K[G? In which directory is your code located? ./powershell -ExecutionPolicy Byp[77G[2K[G? In which directory is your code located? ./powershell -ExecutionPolicy Bypa[78G[2K[G? In which directory is your code located? ./powershell -ExecutionPolicy Bypas[79G[2K[G? In which directory is your code located? ./powershell -ExecutionPolicy Bypass[80G[2K[G? In which directory is your code located? ./powershell -ExecutionPolicy Bypass
[1A[81G[1B[2K[1A[2K[G? In which directory is your code located? ./powershell -ExecutionPolicy Bypass
d[1A[82G[1B[2K[1A[2K[G? In which directory is your code located? ./powershell -ExecutionPolicy Bypass
d:[1A[83G[1B[2K[1A[2K[G? In which directory is your code located? ./powershell -ExecutionPolicy Bypass
d:\[1A[84G[1B[2K[1A[2K[G? In which directory is your code located? ./powershell -ExecutionPolicy Bypass
d:\A[1A[85G[1B[2K[1A[2K[G? In which directory is your code located? ./powershell -ExecutionPolicy Bypass
d:\Ar[1A[86G[1B[2K[1A[2K[G? In which directory is your code located? ./powershell -ExecutionPolicy Bypass
d:\Ary[1A[87G[1B[2K[1A[2K[G? In which directory is your code located? ./powershell -ExecutionPolicy Bypass
d:\Ary\[1A[88G[1B[2K[1A[2K[G? In which directory is your code located? ./powershell -ExecutionPolicy Bypass
d:\Ary\d[1A[89G[1B[2K[1A[2K[G? In which directory is your code located? ./powershell -ExecutionPolicy Bypass
d:\Ary\de[1A[90G[1B[2K[1A[2K[G? In which directory is your code located? ./powershell -ExecutionPolicy Bypass
d:\Ary\dep[1A[91G[1B[2K[1A[2K[G? In which directory is your code located? ./powershell -ExecutionPolicy Bypass
d:\Ary\depl[1A[92G[1B[2K[1A[2K[G? In which directory is your code located? ./powershell -ExecutionPolicy Bypass
d:\Ary\deplo[1A[93G[1B[2K[1A[2K[G? In which directory is your code located? ./powershell -ExecutionPolicy Bypass
d:\Ary\deploy[1A[94G[1B[2K[1A[2K[G? In which directory is your code located? ./powershell -ExecutionPolicy Bypass
d:\Ary\deploy.[1A[95G[1B[2K[1A[2K[G? In which directory is your code located? ./powershell -ExecutionPolicy Bypass
d:\Ary\deploy.p[1A[96G[1B[2K[1A[2K[G? In which directory is your code located? ./powershell -ExecutionPolicy Bypass
d:\Ary\deploy.ps[1A[97G[1B[2K[1A[2K[G? In which directory is your code located? ./powershell -ExecutionPolicy Bypass
d:\Ary\deploy.ps1[1A[98G[1B[2K[1A[2K[G? In which directory is your code located? ./powershell -ExecutionPolicy Bypass
d:\Ary\deploy.ps1[1A[99G[1B[2K[1A[2K[G? In which directory is your code located? ./powershell -ExecutionPolicy Bypass
d:\Ary\deploy.ps1 2[1A[100G[1B[2K[1A[2K[G? In which directory is your code located? ./powershell -ExecutionPolicy Bypass
d:\Ary\deploy.ps1 2>[1A[101G[1B[2K[1A[2K[G? In which directory is your code located? ./powershell -ExecutionPolicy Bypass
d:\Ary\deploy.ps1 2>&[1A[102G[1B[2K[1A[2K[G? In which directory is your code located? ./powershell -ExecutionPolicy Bypass
d:\Ary\deploy.ps1 2>&1[1A[103G[1B[2K[1A[2K[G? In which directory is your code located? ./powershell -ExecutionPolicy Bypass
d:\Ary\deploy.ps1 2>&1[1A[104G[1B[2K[1A[2K[G? In which directory is your code located? ./powershell -ExecutionPolicy Bypass
d:\Ary\deploy.ps1 2>&1 |[1A[105G[1B[2K[1A[2K[G? In which directory is your code located? ./powershell -ExecutionPolicy Bypass
d:\Ary\deploy.ps1 2>&1 |[1A[106G[1B[2K[1A[2K[G? In which directory is your code located? ./powershell -ExecutionPolicy Bypass
d:\Ary\deploy.ps1 2>&1 | t[1A[107G[1B[2K[1A[2K[G? In which directory is your code located? ./powershell -ExecutionPolicy Bypass
d:\Ary\deploy.ps1 2>&1 | te[1A[108G[1B[2K[1A[2K[G? In which directory is your code located? ./powershell -ExecutionPolicy Bypass
d:\Ary\deploy.ps1 2>&1 | tee[1A[109G[1B[2K[1A[2K[G? In which directory is your code located? ./powershell -ExecutionPolicy Bypass
d:\Ary\deploy.ps1 2>&1 | tee[1A[110G[1B[2K[1A[2K[G? In which directory is your code located? ./powershell -ExecutionPolicy Bypass
d:\Ary\deploy.ps1 2>&1 | tee d[1A[111G[1B[2K[1A[2K[G? In which directory is your code located? ./powershell -ExecutionPolicy Bypass
d:\Ary\deploy.ps1 2>&1 | tee d:[1A[112G[1B[2K[1A[2K[G? In which directory is your code located? ./powershell -ExecutionPolicy Bypass
d:\Ary\deploy.ps1 2>&1 | tee d:\[1A[113G[1B[2K[1A[2K[G? In which directory is your code located? ./powershell -ExecutionPolicy Bypass
d:\Ary\deploy.ps1 2>&1 | tee d:\A[1A[114G[1B[2K[1A[2K[G? In which directory is your code located? ./powershell -ExecutionPolicy Bypass
d:\Ary\deploy.ps1 2>&1 | tee d:\Ar[1A[115G[1B[2K[1A[2K[G? In which directory is your code located? ./powershell -ExecutionPolicy Bypass
d:\Ary\deploy.ps1 2>&1 | tee d:\Ary[1A[116G[1B[2K[1A[2K[G? In which directory is your code located? ./powershell -ExecutionPolicy Bypass
d:\Ary\deploy.ps1 2>&1 | tee d:\Ary\[1A[117G[1B[2K[1A[2K[G? In which directory is your code located? ./powershell -ExecutionPolicy Bypass
d:\Ary\deploy.ps1 2>&1 | tee d:\Ary\d[1A[118G[1B[2K[1A[2K[G? In which directory is your code located? ./powershell -ExecutionPolicy Bypass
d:\Ary\deploy.ps1 2>&1 | tee d:\Ary\de[1A[119G[1B[2K[1A[2K[G? In which directory is your code located? ./powershell -ExecutionPolicy Bypass
d:\Ary\deploy.ps1 2>&1 | tee d:\Ary\dep[1A[120G[1B[2K[1A[2K[G? In which directory is your code located? ./powershell -ExecutionPolicy Bypass
d:\Ary\deploy.ps1 2>&1 | tee d:\Ary\depl[1A[121G[1B[2K[1A[2K[G? In which directory is your code located? ./powershell -ExecutionPolicy Bypass
d:\Ary\deploy.ps1 2>&1 | tee d:\Ary\deplo[1A[122G[1B[2K[1A[2K[G? In which directory is your code located? ./powershell -ExecutionPolicy Bypass
d:\Ary\deploy.ps1 2>&1 | tee d:\Ary\deploy[1A[123G[1B[2K[1A[2K[G? In which directory is your code located? ./powershell -ExecutionPolicy Bypass
d:\Ary\deploy.ps1 2>&1 | tee d:\Ary\deploy-[1A[124G[1B[2K[1A[2K[G? In which directory is your code located? ./powershell -ExecutionPolicy Bypass
d:\Ary\deploy.ps1 2>&1 | tee d:\Ary\deploy-o[1A[125G[1B[2K[1A[2K[G? In which directory is your code located? ./powershell -ExecutionPolicy Bypass
d:\Ary\deploy.ps1 2>&1 | tee d:\Ary\deploy-ou[1A[126G[1B[2K[1A[2K[G? In which directory is your code located? ./powershell -ExecutionPolicy Bypass
d:\Ary\deploy.ps1 2>&1 | tee d:\Ary\deploy-out[1A[127G[1B[2K[1A[2K[G? In which directory is your code located? ./powershell -ExecutionPolicy Bypass
d:\Ary\deploy.ps1 2>&1 | tee d:\Ary\deploy-outp[1A[128G[1B[2K[1A[2K[G? In which directory is your code located? ./powershell -ExecutionPolicy Bypass
d:\Ary\deploy.ps1 2>&1 | tee d:\Ary\deploy-outpu[1A[129G[1B[2K[1A[2K[G? In which directory is your code located? ./powershell -ExecutionPolicy Bypass
d:\Ary\deploy.ps1 2>&1 | tee d:\Ary\deploy-output[1A[130G[1B[2K[1A[2K[G? In which directory is your code located? ./powershell -ExecutionPolicy Bypass
d:\Ary\deploy.ps1 2>&1 | tee d:\Ary\deploy-output.[1A[131G[1B[2K[1A[2K[G? In which directory is your code located? ./powershell -ExecutionPolicy Bypass
d:\Ary\deploy.ps1 2>&1 | tee d:\Ary\deploy-output.t[1A[132G[1B[2K[1A[2K[G? In which directory is your code located? ./powershell -ExecutionPolicy Bypass
d:\Ary\deploy.ps1 2>&1 | tee d:\Ary\deploy-output.tx[1A[133G[1B[2K[1A[2K[G? In which directory is your code located? ./powershell -ExecutionPolicy Bypass
d:\Ary\deploy.ps1 2>&1 | tee d:\Ary\deploy-output.txt[1A[134G[1B[2K[1A[2K[GÔáï In which directory is your code located? ./powershell -ExecutionPolicy Bypass
d:\Ary\deploy.ps1 2>&1 | tee d:\Ary\deploy-output.txt[1A[134G[1B[2K[1A[2K[G? In which directory is your code located? ./powershell -ExecutionPolicy Bypass
d:\Ary\deploy.ps1 2>&1 | tee d:\Ary\deploy-output.txt[1A[134G[1B
Error: The provided path ÔÇ£D:\Ary\la-parrilla-app\powershell -ExecutionPolicy Bypass d:\Ary\deploy.ps1 2>&1 | tee d:\Ary\deploy-output.txtÔÇØ does not exist. Please choose a different one.
? In which directory is your code located? ./[46G[2K[G? In which directory is your code located? ./G[47G[2K[G? In which directory is your code located? ./Ge[48G[2K[G? In which directory is your code located? ./Get[49G[2K[G? In which directory is your code located? ./Get-[50G[2K[G? In which directory is your code located? ./Get-P[51G[2K[G? In which directory is your code located? ./Get-Pr[52G[2K[G? In which directory is your code located? ./Get-Pro[53G[2K[G? In which directory is your code located? ./Get-Proc[54G[2K[G? In which directory is your code located? ./Get-Proce[55G[2K[G? In which directory is your code located? ./Get-Proces[56G[2K[G? In which directory is your code located? ./Get-Process[57G[2K[G? In which directory is your code located? ./Get-Process[58G[2K[G? In which directory is your code located? ./Get-Process |[59G[2K[G? In which directory is your code located? ./Get-Process |[60G[2K[G? In which directory is your code located? ./Get-Process | W[61G[2K[G? In which directory is your code located? ./Get-Process | Wh[62G[2K[G? In which directory is your code located? ./Get-Process | Whe[63G[2K[G? In which directory is your code located? ./Get-Process | Wher[64G[2K[G? In which directory is your code located? ./Get-Process | Where[65G[2K[G? In which directory is your code located? ./Get-Process | Where-[66G[2K[G? In which directory is your code located? ./Get-Process | Where-O[67G[2K[G? In which directory is your code located? ./Get-Process | Where-Ob[68G[2K[G? In which directory is your code located? ./Get-Process | Where-Obj[69G[2K[G? In which directory is your code located? ./Get-Process | Where-Obje[70G[2K[G? In which directory is your code located? ./Get-Process | Where-Objec[71G[2K[G? In which directory is your code located? ./Get-Process | Where-Object[72G[2K[G? In which directory is your code located? ./Get-Process | Where-Object[73G[2K[G? In which directory is your code located? ./Get-Process | Where-Object {[74G[2K[G? In which directory is your code located? ./Get-Process | Where-Object {[75G[2K[G? In which directory is your code located? ./Get-Process | Where-Object { $[76G[2K[G? In which directory is your code located? ./Get-Process | Where-Object { $_[77G[2K[G? In which directory is your code located? ./Get-Process | Where-Object { $_.[78G[2K[G? In which directory is your code located? ./Get-Process | Where-Object { $_.N[79G[2K[G? In which directory is your code located? ./Get-Process | Where-Object { $_.Na[80G[2K[G? In which directory is your code located? ./Get-Process | Where-Object { $_.Nam
[1A[81G[1B[2K[1A[2K[G? In which directory is your code located? ./Get-Process | Where-Object {
$_.Name[1A[82G[1B[2K[1A[2K[G? In which directory is your code located? ./Get-Process | Where-Object {
$_.Name[1A[83G[1B[2K[1A[2K[G? In which directory is your code located? ./Get-Process | Where-Object {
$_.Name -[1A[84G[1B[2K[1A[2K[G? In which directory is your code located? ./Get-Process | Where-Object {
$_.Name -l[1A[85G[1B[2K[1A[2K[G? In which directory is your code located? ./Get-Process | Where-Object {
$_.Name -li[1A[86G[1B[2K[1A[2K[G? In which directory is your code located? ./Get-Process | Where-Object {
$_.Name -lik[1A[87G[1B[2K[1A[2K[G? In which directory is your code located? ./Get-Process | Where-Object {
$_.Name -like[1A[88G[1B[2K[1A[2K[G? In which directory is your code located? ./Get-Process | Where-Object {
$_.Name -like[1A[89G[1B[2K[1A[2K[G? In which directory is your code located? ./Get-Process | Where-Object {
$_.Name -like "[1A[90G[1B[2K[1A[2K[G? In which directory is your code located? ./Get-Process | Where-Object {
$_.Name -like "*[1A[91G[1B[2K[1A[2K[G? In which directory is your code located? ./Get-Process | Where-Object {
$_.Name -like "*v[1A[92G[1B[2K[1A[2K[G? In which directory is your code located? ./Get-Process | Where-Object {
$_.Name -like "*ve[1A[93G[1B[2K[1A[2K[G? In which directory is your code located? ./Get-Process | Where-Object {
$_.Name -like "*ver[1A[94G[1B[2K[1A[2K[G? In which directory is your code located? ./Get-Process | Where-Object {
$_.Name -like "*verc[1A[95G[1B[2K[1A[2K[G? In which directory is your code located? ./Get-Process | Where-Object {
$_.Name -like "*verce[1A[96G[1B[2K[1A[2K[G? In which directory is your code located? ./Get-Process | Where-Object {
$_.Name -like "*vercel[1A[97G[1B[2K[1A[2K[G? In which directory is your code located? ./Get-Process | Where-Object {
$_.Name -like "*vercel*[1A[98G[1B[2K[1A[2K[G? In which directory is your code located? ./Get-Process | Where-Object {
$_.Name -like "*vercel*"[1A[99G[1B[2K[1A[2K[G? In which directory is your code located? ./Get-Process | Where-Object {
$_.Name -like "*vercel*"[1A[100G[1B[2K[1A[2K[G? In which directory is your code located? ./Get-Process | Where-Object {
$_.Name -like "*vercel*" -[1A[101G[1B[2K[1A[2K[G? In which directory is your code located? ./Get-Process | Where-Object {
$_.Name -like "*vercel*" -o[1A[102G[1B[2K[1A[2K[G? In which directory is your code located? ./Get-Process | Where-Object {
$_.Name -like "*vercel*" -or[1A[103G[1B[2K[1A[2K[G? In which directory is your code located? ./Get-Process | Where-Object {
$_.Name -like "*vercel*" -or[1A[104G[1B[2K[1A[2K[G? In which directory is your code located? ./Get-Process | Where-Object {
$_.Name -like "*vercel*" -or $[1A[105G[1B[2K[1A[2K[G? In which directory is your code located? ./Get-Process | Where-Object {
$_.Name -like "*vercel*" -or $_[1A[106G[1B[2K[1A[2K[G? In which directory is your code located? ./Get-Process | Where-Object {
$_.Name -like "*vercel*" -or $_.[1A[107G[1B[2K[1A[2K[G? In which directory is your code located? ./Get-Process | Where-Object {
$_.Name -like "*vercel*" -or $_.N[1A[108G[1B[2K[1A[2K[G? In which directory is your code located? ./Get-Process | Where-Object {
$_.Name -like "*vercel*" -or $_.Na[1A[109G[1B[2K[1A[2K[G? In which directory is your code located? ./Get-Process | Where-Object {
$_.Name -like "*vercel*" -or $_.Nam[1A[110G[1B[2K[1A[2K[G? In which directory is your code located? ./Get-Process | Where-Object {
$_.Name -like "*vercel*" -or $_.Name[1A[111G[1B[2K[1A[2K[G? In which directory is your code located? ./Get-Process | Where-Object {
$_.Name -like "*vercel*" -or $_.Name[1A[112G[1B[2K[1A[2K[G? In which directory is your code located? ./Get-Process | Where-Object {
$_.Name -like "*vercel*" -or $_.Name -[1A[113G[1B[2K[1A[2K[G? In which directory is your code located? ./Get-Process | Where-Object {
$_.Name -like "*vercel*" -or $_.Name -l[1A[114G[1B[2K[1A[2K[G? In which directory is your code located? ./Get-Process | Where-Object {
$_.Name -like "*vercel*" -or $_.Name -li[1A[115G[1B[2K[1A[2K[G? In which directory is your code located? ./Get-Process | Where-Object {
$_.Name -like "*vercel*" -or $_.Name -lik[1A[116G[1B[2K[1A[2K[G? In which directory is your code located? ./Get-Process | Where-Object {
$_.Name -like "*vercel*" -or $_.Name -like[1A[117G[1B[2K[1A[2K[G? In which directory is your code located? ./Get-Process | Where-Object {
$_.Name -like "*vercel*" -or $_.Name -like[1A[118G[1B[2K[1A[2K[G? In which directory is your code located? ./Get-Process | Where-Object {
$_.Name -like "*vercel*" -or $_.Name -like "[1A[119G[1B[2K[1A[2K[G? In which directory is your code located? ./Get-Process | Where-Object {
$_.Name -like "*vercel*" -or $_.Name -like "*[1A[120G[1B[2K[1A[2K[G? In which directory is your code located? ./Get-Process | Where-Object {
$_.Name -like "*vercel*" -or $_.Name -like "*n[1A[121G[1B[2K[1A[2K[G? In which directory is your code located? ./Get-Process | Where-Object {
$_.Name -like "*vercel*" -or $_.Name -like "*no[1A[122G[1B[2K[1A[2K[G? In which directory is your code located? ./Get-Process | Where-Object {
$_.Name -like "*vercel*" -or $_.Name -like "*nod[1A[123G[1B[2K[1A[2K[G? In which directory is your code located? ./Get-Process | Where-Object {
$_.Name -like "*vercel*" -or $_.Name -like "*node[1A[124G[1B[2K[1A[2K[G? In which directory is your code located? ./Get-Process | Where-Object {
$_.Name -like "*vercel*" -or $_.Name -like "*node*[1A[125G[1B[2K[1A[2K[G? In which directory is your code located? ./Get-Process | Where-Object {
$_.Name -like "*vercel*" -or $_.Name -like "*node*"[1A[126G[1B[2K[1A[2K[G? In which directory is your code located? ./Get-Process | Where-Object {
$_.Name -like "*vercel*" -or $_.Name -like "*node*"[1A[127G[1B[2K[1A[2K[G? In which directory is your code located? ./Get-Process | Where-Object {
$_.Name -like "*vercel*" -or $_.Name -like "*node*" }[1A[128G[1B[2K[1A[2K[G? In which directory is your code located? ./Get-Process | Where-Object {
$_.Name -like "*vercel*" -or $_.Name -like "*node*" }[1A[129G[1B[2K[1A[2K[G? In which directory is your code located? ./Get-Process | Where-Object {
$_.Name -like "*vercel*" -or $_.Name -like "*node*" } |[1A[130G[1B[2K[1A[2K[G? In which directory is your code located? ./Get-Process | Where-Object {
$_.Name -like "*vercel*" -or $_.Name -like "*node*" } |[1A[131G[1B[2K[1A[2K[G? In which directory is your code located? ./Get-Process | Where-Object {
$_.Name -like "*vercel*" -or $_.Name -like "*node*" } | S[1A[132G[1B[2K[1A[2K[G? In which directory is your code located? ./Get-Process | Where-Object {
$_.Name -like "*vercel*" -or $_.Name -like "*node*" } | St[1A[133G[1B[2K[1A[2K[G? In which directory is your code located? ./Get-Process | Where-Object {
$_.Name -like "*vercel*" -or $_.Name -like "*node*" } | Sto[1A[134G[1B[2K[1A[2K[G? In which directory is your code located? ./Get-Process | Where-Object {
$_.Name -like "*vercel*" -or $_.Name -like "*node*" } | Stop[1A[135G[1B[2K[1A[2K[G? In which directory is your code located? ./Get-Process | Where-Object {
$_.Name -like "*vercel*" -or $_.Name -like "*node*" } | Stop-[1A[136G[1B[2K[1A[2K[G? In which directory is your code located? ./Get-Process | Where-Object {
$_.Name -like "*vercel*" -or $_.Name -like "*node*" } | Stop-P[1A[137G[1B[2K[1A[2K[G? In which directory is your code located? ./Get-Process | Where-Object {
$_.Name -like "*vercel*" -or $_.Name -like "*node*" } | Stop-Pr[1A[138G[1B[2K[1A[2K[G? In which directory is your code located? ./Get-Process | Where-Object {
$_.Name -like "*vercel*" -or $_.Name -like "*node*" } | Stop-Pro[1A[139G[1B[2K[1A[2K[G? In which directory is your code located? ./Get-Process | Where-Object {
$_.Name -like "*vercel*" -or $_.Name -like "*node*" } | Stop-Proc[1A[140G[1B[2K[1A[2K[G? In which directory is your code located? ./Get-Process | Where-Object {
$_.Name -like "*vercel*" -or $_.Name -like "*node*" } | Stop-Proce[1A[141G[1B[2K[1A[2K[G? In which directory is your code located? ./Get-Process | Where-Object {
$_.Name -like "*vercel*" -or $_.Name -like "*node*" } | Stop-Proces[1A[142G[1B[2K[1A[2K[G? In which directory is your code located? ./Get-Process | Where-Object {
$_.Name -like "*vercel*" -or $_.Name -like "*node*" } | Stop-Process[1A[143G[1B[2K[1A[2K[G? In which directory is your code located? ./Get-Process | Where-Object {
$_.Name -like "*vercel*" -or $_.Name -like "*node*" } | Stop-Process[1A[144G[1B[2K[1A[2K[G? In which directory is your code located? ./Get-Process | Where-Object {
$_.Name -like "*vercel*" -or $_.Name -like "*node*" } | Stop-Process -[1A[145G[1B[2K[1A[2K[G? In which directory is your code located? ./Get-Process | Where-Object {
$_.Name -like "*vercel*" -or $_.Name -like "*node*" } | Stop-Process -F[1A[146G[1B[2K[1A[2K[G? In which directory is your code located? ./Get-Process | Where-Object {
$_.Name -like "*vercel*" -or $_.Name -like "*node*" } | Stop-Process -Fo[1A[147G[1B[2K[1A[2K[G? In which directory is your code located? ./Get-Process | Where-Object {
$_.Name -like "*vercel*" -or $_.Name -like "*node*" } | Stop-Process -For[1A[148G[1B[2K[1A[2K[G? In which directory is your code located? ./Get-Process | Where-Object {
$_.Name -like "*vercel*" -or $_.Name -like "*node*" } | Stop-Process -Forc[1A[149G[1B[2K[1A[2K[G? In which directory is your code located? ./Get-Process | Where-Object {
$_.Name -like "*vercel*" -or $_.Name -like "*node*" } | Stop-Process -Force[1A[150G[1B[2K[1A[2K[G? In which directory is your code located? ./Get-Process | Where-Object {
$_.Name -like "*vercel*" -or $_.Name -like "*node*" } | Stop-Process -Force[1A[151G[1B[2K[1A[2K[G? In which directory is your code located? ./Get-Process | Where-Object {
$_.Name -like "*vercel*" -or $_.Name -like "*node*" } | Stop-Process -Force -[1A[152G[1B[2K[1A[2K[G? In which directory is your code located? ./Get-Process | Where-Object {
$_.Name -like "*vercel*" -or $_.Name -like "*node*" } | Stop-Process -Force -E[1A[153G[1B[2K[1A[2K[G? In which directory is your code located? ./Get-Process | Where-Object {
$_.Name -like "*vercel*" -or $_.Name -like "*node*" } | Stop-Process -Force -Er[1A[154G[1B[2K[1A[2K[G? In which directory is your code located? ./Get-Process | Where-Object {
$_.Name -like "*vercel*" -or $_.Name -like "*node*" } | Stop-Process -Force -Err[1A[155G[1B[2K[1A[2K[G? In which directory is your code located? ./Get-Process | Where-Object {
$_.Name -like "*vercel*" -or $_.Name -like "*node*" } | Stop-Process -Force
-Erro[1A[156G[1B[2K[1A[2K[1A[2K[G? In which directory is your code located? ./Get-Process | Where-Object {
$_.Name -like "*vercel*" -or $_.Name -like "*node*" } | Stop-Process -Force
-Error[1A[157G[1B[2K[1A[2K[1A[2K[G? In which directory is your code located? ./Get-Process | Where-Object {
$_.Name -like "*vercel*" -or $_.Name -like "*node*" } | Stop-Process -Force
-ErrorA[1A[158G[1B[2K[1A[2K[1A[2K[G? In which directory is your code located? ./Get-Process | Where-Object {
$_.Name -like "*vercel*" -or $_.Name -like "*node*" } | Stop-Process -Force
-ErrorAc[1A[159G[1B[2K[1A[2K[1A[2K[G? In which directory is your code located? ./Get-Process | Where-Object {
$_.Name -like "*vercel*" -or $_.Name -like "*node*" } | Stop-Process -Force
-ErrorAct[1A[160G[1B[2K[1A[2K[1A[2K[G? In which directory is your code located? ./Get-Process | Where-Object {
$_.Name -like "*vercel*" -or $_.Name -like "*node*" } | Stop-Process -Force
-ErrorActi
[2A[161G[2B[2K[1A[2K[1A[2K[1A[2K[G? In which directory is your code located? ./Get-Process | Where-Object {
$_.Name -like "*vercel*" -or $_.Name -like "*node*" } | Stop-Process -Force
-ErrorActio[2A[162G[2B[2K[1A[2K[1A[2K[G? In which directory is your code located? ./Get-Process | Where-Object {
$_.Name -like "*vercel*" -or $_.Name -like "*node*" } | Stop-Process -Force
-ErrorAction[2A[163G[2B[2K[1A[2K[1A[2K[G? In which directory is your code located? ./Get-Process | Where-Object {
$_.Name -like "*vercel*" -or $_.Name -like "*node*" } | Stop-Process -Force
-ErrorAction[2A[164G[2B[2K[1A[2K[1A[2K[G? In which directory is your code located? ./Get-Process | Where-Object {
$_.Name -like "*vercel*" -or $_.Name -like "*node*" } | Stop-Process -Force
-ErrorAction S[2A[165G[2B[2K[1A[2K[1A[2K[G? In which directory is your code located? ./Get-Process | Where-Object {
$_.Name -like "*vercel*" -or $_.Name -like "*node*" } | Stop-Process -Force
-ErrorAction Si[2A[166G[2B[2K[1A[2K[1A[2K[G? In which directory is your code located? ./Get-Process | Where-Object {
$_.Name -like "*vercel*" -or $_.Name -like "*node*" } | Stop-Process -Force
-ErrorAction Sil[2A[167G[2B[2K[1A[2K[1A[2K[G? In which directory is your code located? ./Get-Process | Where-Object {
$_.Name -like "*vercel*" -or $_.Name -like "*node*" } | Stop-Process -Force
-ErrorAction Sile[2A[168G[2B[2K[1A[2K[1A[2K[G? In which directory is your code located? ./Get-Process | Where-Object {
$_.Name -like "*vercel*" -or $_.Name -like "*node*" } | Stop-Process -Force
-ErrorAction Silen[2A[169G[2B[2K[1A[2K[1A[2K[G? In which directory is your code located? ./Get-Process | Where-Object {
$_.Name -like "*vercel*" -or $_.Name -like "*node*" } | Stop-Process -Force
-ErrorAction Silent[2A[170G[2B[2K[1A[2K[1A[2K[G? In which directory is your code located? ./Get-Process | Where-Object {
$_.Name -like "*vercel*" -or $_.Name -like "*node*" } | Stop-Process -Force
-ErrorAction Silentl[2A[171G[2B[2K[1A[2K[1A[2K[G? In which directory is your code located? ./Get-Process | Where-Object {
$_.Name -like "*vercel*" -or $_.Name -like "*node*" } | Stop-Process -Force
-ErrorAction Silently[2A[172G[2B[2K[1A[2K[1A[2K[G? In which directory is your code located? ./Get-Process | Where-Object {
$_.Name -like "*vercel*" -or $_.Name -like "*node*" } | Stop-Process -Force
-ErrorAction SilentlyC[2A[173G[2B[2K[1A[2K[1A[2K[G? In which directory is your code located? ./Get-Process | Where-Object {
$_.Name -like "*vercel*" -or $_.Name -like "*node*" } | Stop-Process -Force
-ErrorAction SilentlyCo[2A[174G[2B[2K[1A[2K[1A[2K[G? In which directory is your code located? ./Get-Process | Where-Object {
$_.Name -like "*vercel*" -or $_.Name -like "*node*" } | Stop-Process -Force
-ErrorAction SilentlyCon[2A[175G[2B[2K[1A[2K[1A[2K[G? In which directory is your code located? ./Get-Process | Where-Object {
$_.Name -like "*vercel*" -or $_.Name -like "*node*" } | Stop-Process -Force
-ErrorAction SilentlyCont[2A[176G[2B[2K[1A[2K[1A[2K[G? In which directory is your code located? ./Get-Process | Where-Object {
$_.Name -like "*vercel*" -or $_.Name -like "*node*" } | Stop-Process -Force
-ErrorAction SilentlyConti[2A[177G[2B[2K[1A[2K[1A[2K[G? In which directory is your code located? ./Get-Process | Where-Object {
$_.Name -like "*vercel*" -or $_.Name -like "*node*" } | Stop-Process -Force
-ErrorAction SilentlyContin[2A[178G[2B[2K[1A[2K[1A[2K[G? In which directory is your code located? ./Get-Process | Where-Object {
$_.Name -like "*vercel*" -or $_.Name -like "*node*" } | Stop-Process -Force
-ErrorAction SilentlyContinu[2A[179G[2B[2K[1A[2K[1A[2K[G? In which directory is your code located? ./Get-Process | Where-Object {
$_.Name -like "*vercel*" -or $_.Name -like "*node*" } | Stop-Process -Force
-ErrorAction SilentlyContinue[2A[180G[2B[2K[1A[2K[1A[2K[G? In which directory is your code located? ./Get-Process | Where-Object {
$_.Name -like "*vercel*" -or $_.Name -like "*node*" } | Stop-Process -Force
-ErrorAction SilentlyContinue;[2A[181G[2B[2K[1A[2K[1A[2K[G? In which directory is your code located? ./Get-Process | Where-Object {
$_.Name -like "*vercel*" -or $_.Name -like "*node*" } | Stop-Process -Force
-ErrorAction SilentlyContinue;[2A[182G[2B[2K[1A[2K[1A[2K[G? In which directory is your code located? ./Get-Process | Where-Object {
$_.Name -like "*vercel*" -or $_.Name -like "*node*" } | Stop-Process -Force
-ErrorAction SilentlyContinue; W[2A[183G[2B[2K[1A[2K[1A[2K[G? In which directory is your code located? ./Get-Process | Where-Object {
$_.Name -like "*vercel*" -or $_.Name -like "*node*" } | Stop-Process -Force
-ErrorAction SilentlyContinue; Wr[2A[184G[2B[2K[1A[2K[1A[2K[G? In which directory is your code located? ./Get-Process | Where-Object {
$_.Name -like "*vercel*" -or $_.Name -like "*node*" } | Stop-Process -Force
-ErrorAction SilentlyContinue; Wri[2A[185G[2B[2K[1A[2K[1A[2K[G? In which directory is your code located? ./Get-Process | Where-Object {
$_.Name -like "*vercel*" -or $_.Name -like "*node*" } | Stop-Process -Force
-ErrorAction SilentlyContinue; Writ[2A[186G[2B[2K[1A[2K[1A[2K[G? In which directory is your code located? ./Get-Process | Where-Object {
$_.Name -like "*vercel*" -or $_.Name -like "*node*" } | Stop-Process -Force
-ErrorAction SilentlyContinue; Write[2A[187G[2B[2K[1A[2K[1A[2K[G? In which directory is your code located? ./Get-Process | Where-Object {
$_.Name -like "*vercel*" -or $_.Name -like "*node*" } | Stop-Process -Force
-ErrorAction SilentlyContinue; Write-[2A[188G[2B[2K[1A[2K[1A[2K[G? In which directory is your code located? ./Get-Process | Where-Object {
$_.Name -like "*vercel*" -or $_.Name -like "*node*" } | Stop-Process -Force
-ErrorAction SilentlyContinue; Write-H[2A[189G[2B[2K[1A[2K[1A[2K[G? In which directory is your code located? ./Get-Process | Where-Object {
$_.Name -like "*vercel*" -or $_.Name -like "*node*" } | Stop-Process -Force
-ErrorAction SilentlyContinue; Write-Ho[2A[190G[2B[2K[1A[2K[1A[2K[G? In which directory is your code located? ./Get-Process | Where-Object {
$_.Name -like "*vercel*" -or $_.Name -like "*node*" } | Stop-Process -Force
-ErrorAction SilentlyContinue; Write-Hos[2A[191G[2B[2K[1A[2K[1A[2K[G? In which directory is your code located? ./Get-Process | Where-Object {
$_.Name -like "*vercel*" -or $_.Name -like "*node*" } | Stop-Process -Force
-ErrorAction SilentlyContinue; Write-Host[2A[192G[2B[2K[1A[2K[1A[2K[G? In which directory is your code located? ./Get-Process | Where-Object {
$_.Name -like "*vercel*" -or $_.Name -like "*node*" } | Stop-Process -Force
-ErrorAction SilentlyContinue; Write-Host[2A[193G[2B[2K[1A[2K[1A[2K[G? In which directory is your code located? ./Get-Process | Where-Object {
$_.Name -like "*vercel*" -or $_.Name -like "*node*" } | Stop-Process -Force
-ErrorAction SilentlyContinue; Write-Host "[2A[194G[2B[2K[1A[2K[1A[2K[G? In which directory is your code located? ./Get-Process | Where-Object {
$_.Name -like "*vercel*" -or $_.Name -like "*node*" } | Stop-Process -Force
-ErrorAction SilentlyContinue; Write-Host "Ô£ô[2A[195G[2B[2K[1A[2K[1A[2K[G? In which directory is your code located? ./Get-Process | Where-Object {
$_.Name -like "*vercel*" -or $_.Name -like "*node*" } | Stop-Process -Force
-ErrorAction SilentlyContinue; Write-Host "Ô£ô[2A[196G[2B[2K[1A[2K[1A[2K[G? In which directory is your code located? ./Get-Process | Where-Object {
$_.Name -like "*vercel*" -or $_.Name -like "*node*" } | Stop-Process -Force
-ErrorAction SilentlyContinue; Write-Host "Ô£ô P[2A[197G[2B[2K[1A[2K[1A[2K[G? In which directory is your code located? ./Get-Process | Where-Object {
$_.Name -like "*vercel*" -or $_.Name -like "*node*" } | Stop-Process -Force
-ErrorAction SilentlyContinue; Write-Host "Ô£ô Pr[2A[198G[2B[2K[1A[2K[1A[2K[G? In which directory is your code located? ./Get-Process | Where-Object {
$_.Name -like "*vercel*" -or $_.Name -like "*node*" } | Stop-Process -Force
-ErrorAction SilentlyContinue; Write-Host "Ô£ô Pro[2A[199G[2B[2K[1A[2K[1A[2K[G? In which directory is your code located? ./Get-Process | Where-Object {
$_.Name -like "*vercel*" -or $_.Name -like "*node*" } | Stop-Process -Force
-ErrorAction SilentlyContinue; Write-Host "Ô£ô Proc[2A[200G[2B[2K[1A[2K[1A[2K[G? In which directory is your code located? ./Get-Process | Where-Object {
$_.Name -like "*vercel*" -or $_.Name -like "*node*" } | Stop-Process -Force
-ErrorAction SilentlyContinue; Write-Host "Ô£ô Proce[2A[201G[2B[2K[1A[2K[1A[2K[G? In which directory is your code located? ./Get-Process | Where-Object {
$_.Name -like "*vercel*" -or $_.Name -like "*node*" } | Stop-Process -Force
-ErrorAction SilentlyContinue; Write-Host "Ô£ô Proces[2A[202G[2B[2K[1A[2K[1A[2K[G? In which directory is your code located? ./Get-Process | Where-Object {
$_.Name -like "*vercel*" -or $_.Name -like "*node*" } | Stop-Process -Force
-ErrorAction SilentlyContinue; Write-Host "Ô£ô Proceso[2A[203G[2B[2K[1A[2K[1A[2K[G? In which directory is your code located? ./Get-Process | Where-Object {
$_.Name -like "*vercel*" -or $_.Name -like "*node*" } | Stop-Process -Force
-ErrorAction SilentlyContinue; Write-Host "Ô£ô Procesos[2A[204G[2B[2K[1A[2K[1A[2K[G? In which directory is your code located? ./Get-Process | Where-Object {
$_.Name -like "*vercel*" -or $_.Name -like "*node*" } | Stop-Process -Force
-ErrorAction SilentlyContinue; Write-Host "Ô£ô Procesos[2A[205G[2B[2K[1A[2K[1A[2K[G? In which directory is your code located? ./Get-Process | Where-Object {
$_.Name -like "*vercel*" -or $_.Name -like "*node*" } | Stop-Process -Force
-ErrorAction SilentlyContinue; Write-Host "Ô£ô Procesos f[2A[206G[2B[2K[1A[2K[1A[2K[G? In which directory is your code located? ./Get-Process | Where-Object {
$_.Name -like "*vercel*" -or $_.Name -like "*node*" } | Stop-Process -Force
-ErrorAction SilentlyContinue; Write-Host "Ô£ô Procesos fi[2A[207G[2B[2K[1A[2K[1A[2K[G? In which directory is your code located? ./Get-Process | Where-Object {
$_.Name -like "*vercel*" -or $_.Name -like "*node*" } | Stop-Process -Force
-ErrorAction SilentlyContinue; Write-Host "Ô£ô Procesos fin[2A[208G[2B[2K[1A[2K[1A[2K[G? In which directory is your code located? ./Get-Process | Where-Object {
$_.Name -like "*vercel*" -or $_.Name -like "*node*" } | Stop-Process -Force
-ErrorAction SilentlyContinue; Write-Host "Ô£ô Procesos fina[2A[209G[2B[2K[1A[2K[1A[2K[G? In which directory is your code located? ./Get-Process | Where-Object {
$_.Name -like "*vercel*" -or $_.Name -like "*node*" } | Stop-Process -Force
-ErrorAction SilentlyContinue; Write-Host "Ô£ô Procesos final[2A[210G[2B[2K[1A[2K[1A[2K[G? In which directory is your code located? ./Get-Process | Where-Object {
$_.Name -like "*vercel*" -or $_.Name -like "*node*" } | Stop-Process -Force
-ErrorAction SilentlyContinue; Write-Host "Ô£ô Procesos finali[2A[211G[2B[2K[1A[2K[1A[2K[G? In which directory is your code located? ./Get-Process | Where-Object {
$_.Name -like "*vercel*" -or $_.Name -like "*node*" } | Stop-Process -Force
-ErrorAction SilentlyContinue; Write-Host "Ô£ô Procesos finaliz[2A[212G[2B[2K[1A[2K[1A[2K[G? In which directory is your code located? ./Get-Process | Where-Object {
$_.Name -like "*vercel*" -or $_.Name -like "*node*" } | Stop-Process -Force
-ErrorAction SilentlyContinue; Write-Host "Ô£ô Procesos finaliza[2A[213G[2B[2K[1A[2K[1A[2K[G? In which directory is your code located? ./Get-Process | Where-Object {
$_.Name -like "*vercel*" -or $_.Name -like "*node*" } | Stop-Process -Force
-ErrorAction SilentlyContinue; Write-Host "Ô£ô Procesos finalizad[2A[214G[2B[2K[1A[2K[1A[2K[G? In which directory is your code located? ./Get-Process | Where-Object {
$_.Name -like "*vercel*" -or $_.Name -like "*node*" } | Stop-Process -Force
-ErrorAction SilentlyContinue; Write-Host "Ô£ô Procesos finalizado[2A[215G[2B[2K[1A[2K[1A[2K[G? In which directory is your code located? ./Get-Process | Where-Object {
$_.Name -like "*vercel*" -or $_.Name -like "*node*" } | Stop-Process -Force
-ErrorAction SilentlyContinue; Write-Host "Ô£ô Procesos finalizados[2A[216G[2B[2K[1A[2K[1A[2K[G? In which directory is your code located? ./Get-Process | Where-Object {
$_.Name -like "*vercel*" -or $_.Name -like "*node*" } | Stop-Process -Force
-ErrorAction SilentlyContinue; Write-Host "Ô£ô Procesos finalizados"[2A[217G[2B[2K[1A[2K[1A[2K[GÔáï In which directory is your code located? ./Get-Process | Where-Object {
$_.Name -like "*vercel*" -or $_.Name -like "*node*" } | Stop-Process -Force
-ErrorAction SilentlyContinue; Write-Host "Ô£ô Procesos finalizados"[2A[217G[2B[2K[1A[2K[1A[2K[G? In which directory is your code located? ./Get-Process | Where-Object {
$_.Name -like "*vercel*" -or $_.Name -like "*node*" } | Stop-Process -Force
-ErrorAction SilentlyContinue; Write-Host "Ô£ô Procesos finalizados"[2A[217G[2B
Error: The provided path ÔÇ£D:\Ary\la-parrilla-app\Get-Process | Where-Object { $_.Name -like "*vercel*" -or $_.Name -like "*node*" } | Stop-Process -Force -ErrorAction SilentlyContinue; Write-Host "Ô£ô Procesos finalizados"ÔÇØ does not exist. Please choose a different one.
? In which directory is your code located? ./[46G[2K[G? In which directory is your code located? ./p[47G[2K[G? In which directory is your code located? ./po[48G[2K[G? In which directory is your code located? ./pow[49G[2K[G? In which directory is your code located? ./powe[50G[2K[G? In which directory is your code located? ./power[51G[2K[G? In which directory is your code located? ./powers[52G[2K[G? In which directory is your code located? ./powersh[53G[2K[G? In which directory is your code located? ./powershe[54G[2K[G? In which directory is your code located? ./powershel[55G[2K[G? In which directory is your code located? ./powershell[56G[2K[G? In which directory is your code located? ./powershell[57G[2K[G? In which directory is your code located? ./powershell -[58G[2K[G? In which directory is your code located? ./powershell -C[59G[2K[G? In which directory is your code located? ./powershell -Co[60G[2K[G? In which directory is your code located? ./powershell -Com[61G[2K[G? In which directory is your code located? ./powershell -Comm[62G[2K[G? In which directory is your code located? ./powershell -Comma[63G[2K[G? In which directory is your code located? ./powershell -Comman[64G[2K[G? In which directory is your code located? ./powershell -Command[65G[2K[G? In which directory is your code located? ./powershell -Command[66G[2K[G? In which directory is your code located? ./powershell -Command "[67G[2K[G? In which directory is your code located? ./powershell -Command "S[68G[2K[G? In which directory is your code located? ./powershell -Command "St[69G[2K[G? In which directory is your code located? ./powershell -Command "Sta[70G[2K[G? In which directory is your code located? ./powershell -Command "Star[71G[2K[G? In which directory is your code located? ./powershell -Command "Start[72G[2K[G? In which directory is your code located? ./powershell -Command "Start-[73G[2K[G? In which directory is your code located? ./powershell -Command "Start-P[74G[2K[G? In which directory is your code located? ./powershell -Command "Start-Pr[75G[2K[G? In which directory is your code located? ./powershell -Command "Start-Pro[76G[2K[G? In which directory is your code located? ./powershell -Command "Start-Proc[77G[2K[G? In which directory is your code located? ./powershell -Command "Start-Proce[78G[2K[G? In which directory is your code located? ./powershell -Command "Start-Proces[79G[2K[G? In which directory is your code located? ./powershell -Command "Start-Process[80G[2K[G? In which directory is your code located? ./powershell -Command "Start-Process
[1A[81G[1B[2K[1A[2K[G? In which directory is your code located? ./powershell -Command "Start-Process
'[1A[82G[1B[2K[1A[2K[G? In which directory is your code located? ./powershell -Command "Start-Process
'h[1A[83G[1B[2K[1A[2K[G? In which directory is your code located? ./powershell -Command "Start-Process
'ht[1A[84G[1B[2K[1A[2K[G? In which directory is your code located? ./powershell -Command "Start-Process
'htt[1A[85G[1B[2K[1A[2K[G? In which directory is your code located? ./powershell -Command "Start-Process
'http[1A[86G[1B[2K[1A[2K[G? In which directory is your code located? ./powershell -Command "Start-Process
'https[1A[87G[1B[2K[1A[2K[G? In which directory is your code located? ./powershell -Command "Start-Process
'https:[1A[88G[1B[2K[1A[2K[G? In which directory is your code located? ./powershell -Command "Start-Process
'https:/[1A[89G[1B[2K[1A[2K[G? In which directory is your code located? ./powershell -Command "Start-Process
'https://[1A[90G[1B[2K[1A[2K[G? In which directory is your code located? ./powershell -Command "Start-Process
'https://r[1A[91G[1B[2K[1A[2K[G? In which directory is your code located? ./powershell -Command "Start-Process
'https://ro[1A[92G[1B[2K[1A[2K[G? In which directory is your code located? ./powershell -Command "Start-Process
'https://rot[1A[93G[1B[2K[1A[2K[G? In which directory is your code located? ./powershell -Command "Start-Process
'https://roti[1A[94G[1B[2K[1A[2K[G? In which directory is your code located? ./powershell -Command "Start-Process
'https://rotis[1A[95G[1B[2K[1A[2K[G? In which directory is your code located? ./powershell -Command "Start-Process
'https://rotise[1A[96G[1B[2K[1A[2K[G? In which directory is your code located? ./powershell -Command "Start-Process
'https://rotiser[1A[97G[1B[2K[1A[2K[G? In which directory is your code located? ./powershell -Command "Start-Process
'https://rotiseri[1A[98G[1B[2K[1A[2K[G? In which directory is your code located? ./powershell -Command "Start-Process
'https://rotiseria[1A[99G[1B[2K[1A[2K[G? In which directory is your code located? ./powershell -Command "Start-Process
'https://rotiseria-[1A[100G[1B[2K[1A[2K[G? In which directory is your code located? ./powershell -Command "Start-Process
'https://rotiseria-l[1A[101G[1B[2K[1A[2K[G? In which directory is your code located? ./powershell -Command "Start-Process
'https://rotiseria-la[1A[102G[1B[2K[1A[2K[G? In which directory is your code located? ./powershell -Command "Start-Process
'https://rotiseria-la-[1A[103G[1B[2K[1A[2K[G? In which directory is your code located? ./powershell -Command "Start-Process
'https://rotiseria-la-p[1A[104G[1B[2K[1A[2K[G? In which directory is your code located? ./powershell -Command "Start-Process
'https://rotiseria-la-pa[1A[105G[1B[2K[1A[2K[G? In which directory is your code located? ./powershell -Command "Start-Process
'https://rotiseria-la-par[1A[106G[1B[2K[1A[2K[G? In which directory is your code located? ./powershell -Command "Start-Process
'https://rotiseria-la-parr[1A[107G[1B[2K[1A[2K[G? In which directory is your code located? ./powershell -Command "Start-Process
'https://rotiseria-la-parri[1A[108G[1B[2K[1A[2K[G? In which directory is your code located? ./powershell -Command "Start-Process
'https://rotiseria-la-parril[1A[109G[1B[2K[1A[2K[G? In which directory is your code located? ./powershell -Command "Start-Process
'https://rotiseria-la-parrill[1A[110G[1B[2K[1A[2K[G? In which directory is your code located? ./powershell -Command "Start-Process
'https://rotiseria-la-parrilla[1A[111G[1B[2K[1A[2K[G? In which directory is your code located? ./powershell -Command "Start-Process
'https://rotiseria-la-parrilla.[1A[112G[1B[2K[1A[2K[G? In which directory is your code located? ./powershell -Command "Start-Process
'https://rotiseria-la-parrilla.v[1A[113G[1B[2K[1A[2K[G? In which directory is your code located? ./powershell -Command "Start-Process
'https://rotiseria-la-parrilla.ve[1A[114G[1B[2K[1A[2K[G? In which directory is your code located? ./powershell -Command "Start-Process
'https://rotiseria-la-parrilla.ver[1A[115G[1B[2K[1A[2K[G? In which directory is your code located? ./powershell -Command "Start-Process
'https://rotiseria-la-parrilla.verc[1A[116G[1B[2K[1A[2K[G? In which directory is your code located? ./powershell -Command "Start-Process
'https://rotiseria-la-parrilla.verce[1A[117G[1B[2K[1A[2K[G? In which directory is your code located? ./powershell -Command "Start-Process
'https://rotiseria-la-parrilla.vercel[1A[118G[1B[2K[1A[2K[G? In which directory is your code located? ./powershell -Command "Start-Process
'https://rotiseria-la-parrilla.vercel.[1A[119G[1B[2K[1A[2K[G? In which directory is your code located? ./powershell -Command "Start-Process
'https://rotiseria-la-parrilla.vercel.a[1A[120G[1B[2K[1A[2K[G? In which directory is your code located? ./powershell -Command "Start-Process
'https://rotiseria-la-parrilla.vercel.ap[1A[121G[1B[2K[1A[2K[G? In which directory is your code located? ./powershell -Command "Start-Process
'https://rotiseria-la-parrilla.vercel.app[1A[122G[1B[2K[1A[2K[G? In which directory is your code located? ./powershell -Command "Start-Process
'https://rotiseria-la-parrilla.vercel.app/[1A[123G[1B[2K[1A[2K[G? In which directory is your code located? ./powershell -Command "Start-Process
'https://rotiseria-la-parrilla.vercel.app/'[1A[124G[1B[2K[1A[2K[G? In which directory is your code located? ./powershell -Command "Start-Process
'https://rotiseria-la-parrilla.vercel.app/'[1A[125G[1B[2K[1A[2K[G? In which directory is your code located? ./powershell -Command "Start-Process
'https://rotiseria-la-parrilla.vercel.app/' -[1A[126G[1B[2K[1A[2K[G? In which directory is your code located? ./powershell -Command "Start-Process
'https://rotiseria-la-parrilla.vercel.app/' -U[1A[127G[1B[2K[1A[2K[G? In which directory is your code located? ./powershell -Command "Start-Process
'https://rotiseria-la-parrilla.vercel.app/' -Us[1A[128G[1B[2K[1A[2K[G? In which directory is your code located? ./powershell -Command "Start-Process
'https://rotiseria-la-parrilla.vercel.app/' -Use[1A[129G[1B[2K[1A[2K[G? In which directory is your code located? ./powershell -Command "Start-Process
'https://rotiseria-la-parrilla.vercel.app/' -UseB[1A[130G[1B[2K[1A[2K[G? In which directory is your code located? ./powershell -Command "Start-Process
'https://rotiseria-la-parrilla.vercel.app/' -UseBa[1A[131G[1B[2K[1A[2K[G? In which directory is your code located? ./powershell -Command "Start-Process
'https://rotiseria-la-parrilla.vercel.app/' -UseBas[1A[132G[1B[2K[1A[2K[G? In which directory is your code located? ./powershell -Command "Start-Process
'https://rotiseria-la-parrilla.vercel.app/' -UseBasi[1A[133G[1B[2K[1A[2K[G? In which directory is your code located? ./powershell -Command "Start-Process
'https://rotiseria-la-parrilla.vercel.app/' -UseBasic[1A[134G[1B[2K[1A[2K[G? In which directory is your code located? ./powershell -Command "Start-Process
'https://rotiseria-la-parrilla.vercel.app/' -UseBasicP[1A[135G[1B[2K[1A[2K[G? In which directory is your code located? ./powershell -Command "Start-Process
'https://rotiseria-la-parrilla.vercel.app/' -UseBasicPa[1A[136G[1B[2K[1A[2K[G? In which directory is your code located? ./powershell -Command "Start-Process
'https://rotiseria-la-parrilla.vercel.app/' -UseBasicPar[1A[137G[1B[2K[1A[2K[G? In which directory is your code located? ./powershell -Command "Start-Process
'https://rotiseria-la-parrilla.vercel.app/' -UseBasicPars[1A[138G[1B[2K[1A[2K[G? In which directory is your code located? ./powershell -Command "Start-Process
'https://rotiseria-la-parrilla.vercel.app/' -UseBasicParsi[1A[139G[1B[2K[1A[2K[G? In which directory is your code located? ./powershell -Command "Start-Process
'https://rotiseria-la-parrilla.vercel.app/' -UseBasicParsin[1A[140G[1B[2K[1A[2K[G? In which directory is your code located? ./powershell -Command "Start-Process
'https://rotiseria-la-parrilla.vercel.app/' -UseBasicParsing[1A[141G[1B[2K[1A[2K[G? In which directory is your code located? ./powershell -Command "Start-Process
'https://rotiseria-la-parrilla.vercel.app/' -UseBasicParsing"[1A[142G[1B[2K[1A[2K[G? In which directory is your code located? ./powershell -Command "Start-Process
'https://rotiseria-la-parrilla.vercel.app/' -UseBasicParsing"[1A[143G[1B[2K[1A[2K[G? In which directory is your code located? ./powershell -Command "Start-Process
'https://rotiseria-la-parrilla.vercel.app/' -UseBasicParsing" 2[1A[144G[1B[2K[1A[2K[G? In which directory is your code located? ./powershell -Command "Start-Process
'https://rotiseria-la-parrilla.vercel.app/' -UseBasicParsing" 2>[1A[145G[1B[2K[1A[2K[G? In which directory is your code located? ./powershell -Command "Start-Process
'https://rotiseria-la-parrilla.vercel.app/' -UseBasicParsing" 2>&[1A[146G[1B[2K[1A[2K[G? In which directory is your code located? ./powershell -Command "Start-Process
'https://rotiseria-la-parrilla.vercel.app/' -UseBasicParsing" 2>&1[1A[147G[1B[2K[1A[2K[GÔáï In which directory is your code located? ./powershell -Command "Start-Process
'https://rotiseria-la-parrilla.vercel.app/' -UseBasicParsing" 2>&1[1A[147G[1B[2K[1A[2K[G? In which directory is your code located? ./powershell -Command "Start-Process
'https://rotiseria-la-parrilla.vercel.app/' -UseBasicParsing" 2>&1[1A[147G[1B
Error: The provided path ÔÇ£D:\Ary\la-parrilla-app\powershell -Command "Start-Process 'https:\rotiseria-la-parrilla.vercel.app\' -UseBasicParsing" 2>&1ÔÇØ does not exist. Please choose a different one.
? In which directory is your code located? ./[46G[2K[G? In which directory is your code located? ./e[47G[2K[G? In which directory is your code located? ./ex[48G[2K[G? In which directory is your code located? ./exi[49G[2K[G? In which directory is your code located? ./exit[50G[2K[GÔáï In which directory is your code located? ./exit[50G[2K[G? In which directory is your code located? ./exit[50G
Error: The provided path ÔÇ£D:\Ary\la-parrilla-app\exitÔÇØ does not exist. Please choose a different one.
? In which directory is your code located? ./[46G[2K[G? In which directory is your code located? ./.[47G[2K[GÔáï In which directory is your code located? ./.[47G[2K[G? In which directory is your code located? ./.[47G
> Auto-detected Project Settings for Next.js

? Want to modify these settings? (y/N)[40G[2K[G? Want to modify these settings? (y/N) y[41G[2K[G? Want to modify these settings? yes[37G
? Which settings would you like to overwrite (select multiple)? (Press <space>
to select, <a> to toggle all, <i> to invert selection, and <enter> to proceed)
>( ) Build Command
 ( ) Development Command
 ( ) Output Directory

[1G[2G[3G[2K[1A[2K[1A[2K[1A[2K[1A[2K[1A[2K[1A[2K[G? Which settings would you like to overwrite (select multiple)? (Press <space>
to select, <a> to toggle all, <i> to invert selection, and <enter> to proceed)
>(*) Build Command
 (*) Development Command
 (*) Output Directory

[4G[5G[6G[2K[1A[2K[1A[2K[1A[2K[1A[2K[1A[2K[1A[2K[G? Which settings would you like to overwrite (select multiple)?
>( ) Build Command
 (*) Development Command
 (*) Output Directory

[7G[8G[9G[10G[11G[2K[1A[2K[1A[2K[1A[2K[1A[2K[1A[2K[G? Which settings would you like to overwrite (select multiple)?
>(*) Build Command
 (*) Development Command
 (*) Output Directory

[12G[13G[14G[1G[2K[1A[2K[1A[2K[1A[2K[1A[2K[1A[2K[G? Which settings would you like to overwrite (select multiple)? Build Command,
Development Command, Output Directory[1A[117G[1B
? What's your Build Command?[30G[2K[G? What's your Build Command? n[31G[2K[GÔáï What's your Build Command? n[31G[2K[G? What's your Build Command? n[31G
? What's your Development Command?[36G[2K[GÔáï What's your Development Command?[36G[2K[G? What's your Development Command?[36G
? What's your Output Directory?[33G[2K[GÔáï What's your Output Directory?[33G[2K[G? What's your Output Directory?[33G
? Do you want to change additional project settings? (y/N)[60G[2K[G? Do you want to change additional project settings? no[56G
Linked to okyformosa2s-projects/yes (created .vercel and added it to .gitignore)
Deploying okyformosa2s-projects/yes
Uploading [--------------------] (0.0B/2.5MB)
Uploading [=====---------------] (631.1KB/2.5MB)
Uploading [==========----------] (1.2MB/2.5MB)
Uploading [===============-----] (1.9MB/2.5MB)
Uploading [====================] (2.5MB/2.5MB)
Inspect: https://vercel.com/okyformosa2s-projects/yes/7apgLnQUS6ggzE4wgDX2Pk77PFLc [5s]
Production: https://yes-rnuschier-okyformosa2s-projects.vercel.app [5s]
Building...
Building...
Building: Running build in Washington, D.C., USA (East) ÔÇô iad1
Building: Build machine configuration: 2 cores, 8 GB
Building: Retrieving list of deployment files...
Building: Previous build caches not available.
Building: Downloading 81 deployment files...
Building: Running "vercel build"
Building: Vercel CLI 50.9.6
Building: Installing dependencies...
Building: npm warn deprecated @esbuild-kit/core-utils@3.3.2: Merged into tsx: https://tsx.is
Building: npm warn deprecated @esbuild-kit/esm-loader@2.6.5: Merged into tsx: https://tsx.is
Building: npm warn deprecated node-domexception@1.0.0: Use your platform's native DOMException instead
